2025-08-29 06:15:55,676 - src.core.trainer - INFO - Logging setup complete. Log file: experiments/ppo_pendulum_first_try_20250829_061555/logs/training.log
2025-08-29 06:15:55,679 - src.utils.registry - INFO - Registered algorithm: ppo -> PPOAlgorithm
2025-08-29 06:15:55,679 - src.utils.registry - INFO - Registered algorithm: random -> RandomAgent
2025-08-29 06:15:55,680 - src.utils.registry - INFO - Registered network: mlp -> MLP
2025-08-29 06:15:55,680 - src.utils.registry - INFO - Registered network: actor_mlp -> ActorMLP
2025-08-29 06:15:55,680 - src.utils.registry - INFO - Registered network: critic_mlp -> CriticMLP
2025-08-29 06:15:55,680 - src.utils.registry - INFO - Registered network: continuous_actor_mlp -> ContinuousActorMLP
2025-08-29 06:15:55,680 - src.utils.registry - INFO - Registered network: dueling_mlp -> DuelingMLP
2025-08-29 06:15:55,682 - src.utils.registry - INFO - Registered environment: gym -> GymWrapper
2025-08-29 06:15:55,682 - src.utils.registry - INFO - Registered buffer: trajectory -> TrajectoryBuffer
2025-08-29 06:15:55,682 - src.core.trainer - INFO - Initializing environment...
2025-08-29 06:15:55,731 - src.environments.gym_wrapper - INFO - Created Gym environment: Pendulum-v1
2025-08-29 06:15:55,731 - src.core.trainer - INFO - Environment: Pendulum-v1
2025-08-29 06:15:55,731 - src.core.trainer - INFO - Observation space: (3,)
2025-08-29 06:15:55,731 - src.core.trainer - INFO - Action space: (1,), discrete: False
2025-08-29 06:15:55,731 - src.core.trainer - INFO - Initializing networks...
2025-08-29 06:15:55,759 - src.core.trainer - INFO - Created actor network: continuous_actor_mlp
2025-08-29 06:15:55,759 - src.core.trainer - INFO - Created critic network: critic_mlp
2025-08-29 06:15:55,759 - src.core.trainer - INFO - Initializing algorithm...
2025-08-29 06:15:56,316 - src.core.trainer - INFO - Created algorithm: ppo
2025-08-29 06:15:56,316 - src.core.trainer - INFO - Initializing buffer...
2025-08-29 06:15:56,316 - src.core.trainer - INFO - Created buffer: trajectory
2025-08-29 06:15:56,318 - src.environments.gym_wrapper - INFO - Seed will be applied on next reset: 42
2025-08-29 06:15:56,318 - src.core.trainer - INFO - Random seeds set to 42
2025-08-29 06:15:56,318 - src.core.trainer - INFO - All components initialized successfully
2025-08-29 06:15:56,318 - src.utils.checkpoint - INFO - Checkpoint manager initialized at experiments/ppo_pendulum_first_try_20250829_061555/checkpoints
2025-08-29 06:15:56,319 - src.utils.logger - INFO - TensorBoard logging enabled: experiments/ppo_pendulum_first_try_20250829_061555/tensorboard
2025-08-29 06:15:56,319 - src.utils.logger - INFO - Experiment logger initialized: experiments/ppo_pendulum_first_try_20250829_061555
2025-08-29 06:15:56,319 - src.utils.checkpoint - INFO - No checkpoint found to load
2025-08-29 06:15:56,319 - src.core.trainer - INFO - No checkpoint found, starting from scratch
2025-08-29 06:15:56,319 - src.core.trainer - INFO - Trainer initialized for experiment: ppo_pendulum_first_try
2025-08-29 06:15:56,319 - src.core.trainer - INFO - Experiment directory: experiments/ppo_pendulum_first_try_20250829_061555
2025-08-29 06:15:56,321 - src.utils.config - INFO - Configuration saved to experiments/ppo_pendulum_first_try_20250829_061555/configs/config.yaml
2025-08-29 06:15:56,331 - src.core.trainer - INFO - Experiment config saved to experiments/ppo_pendulum_first_try_20250829_061555/configs/config.yaml
2025-08-29 06:15:56,331 - __main__ - INFO - Experiment directory: experiments/ppo_pendulum_first_try_20250829_061555
2025-08-29 06:15:56,332 - __main__ - INFO - Configuration hash: f8775fe0
2025-08-29 06:15:56,332 - __main__ - INFO - Starting training loop...
2025-08-29 06:15:56,332 - src.core.trainer - INFO - Starting training...
2025-08-29 06:15:56,332 - src.core.trainer - INFO - Target steps: 100000
2025-08-29 06:15:56,332 - src.core.trainer - INFO - Evaluation frequency: 10000
2025-08-29 06:15:56,332 - src.core.trainer - INFO - Checkpoint frequency: 25000
2025-08-29 06:16:01,915 - src.utils.checkpoint - INFO - Checkpoint saved: experiments/ppo_pendulum_first_try_20250829_061555/checkpoints/auto_step_26624.pt (step 26624)
2025-08-29 06:16:01,916 - src.core.trainer - INFO - Auto-saved checkpoint at step 26624
2025-08-29 06:16:07,462 - src.utils.checkpoint - INFO - Checkpoint saved: experiments/ppo_pendulum_first_try_20250829_061555/checkpoints/auto_step_53248.pt (step 53248)
2025-08-29 06:16:07,463 - src.core.trainer - INFO - Auto-saved checkpoint at step 53248
2025-08-29 06:16:13,061 - src.utils.checkpoint - INFO - Checkpoint saved: experiments/ppo_pendulum_first_try_20250829_061555/checkpoints/auto_step_79872.pt (step 79872)
2025-08-29 06:16:13,062 - src.core.trainer - INFO - Auto-saved checkpoint at step 79872
2025-08-29 06:16:17,135 - src.core.trainer - INFO - Running evaluation at step 100000
2025-08-29 06:16:17,292 - src.core.trainer - INFO - Evaluation complete - Mean return: -1242.44
2025-08-29 06:16:17,292 - src.utils.logger - INFO - Step 100000 | train/policy_loss: 0.3090 | train/value_loss: 110305.2056 | train/entropy_loss: -2.1189 | train/total_loss: 55152.8921 | train/grad_norm: 56.8141 | train/debug/update_mean_avg: -0.0028 | train/debug/update_mean_std: 0.0044 | train/debug/update_mean_min: -0.0099 | train/debug/update_mean_max: 0.0062 | train/debug/update_log_std_avg: 2.2258 | train/debug/update_std_avg: 2.0138 | train/debug/update_std_min: 2.0138 | train/debug/update_std_max: 2.0138 | train/debug/update_action_clipped_pct: 0.0000 | train/debug/update_network_output_shape: 2.0000 | train/time_elapsed: 20.9604 | train/steps_per_second: 4770.8936
2025-08-29 06:16:17,294 - src.utils.logger - INFO - Step 100000 | eval/eval_step: 100000.0000 | eval/eval_episode_count: 10.0000 | eval/eval_return_mean: -1242.4355 | eval/eval_return_std: 266.7949 | eval/eval_return_min: -1712.7204 | eval/eval_return_max: -863.1334 | eval/eval_length_mean: 200.0000
2025-08-29 06:16:17,294 - src.core.trainer - INFO - Training completed, running final evaluation...
2025-08-29 06:16:17,294 - src.core.trainer - INFO - Running evaluation at step 100000
2025-08-29 06:16:17,454 - src.core.trainer - INFO - Evaluation complete - Mean return: -1242.44
2025-08-29 06:16:17,457 - src.utils.checkpoint - INFO - Checkpoint saved: experiments/ppo_pendulum_first_try_20250829_061555/checkpoints/final.pt (step 100000)
2025-08-29 06:16:17,458 - src.core.trainer - INFO - Final checkpoint saved: experiments/ppo_pendulum_first_try_20250829_061555/checkpoints/final.pt
2025-08-29 06:16:17,458 - src.core.trainer - INFO - Training completed successfully in 21.1s
2025-08-29 06:16:17,462 - src.utils.logger - INFO - TensorBoard writer closed
2025-08-29 06:16:17,462 - __main__ - INFO - Training completed successfully!
2025-08-29 06:16:17,462 - __main__ - INFO - Final results:
2025-08-29 06:16:17,463 - __main__ - INFO -   final_step: 100000.0000
2025-08-29 06:16:17,463 - __main__ - INFO -   training_time: 21.1259
2025-08-29 06:16:17,463 - __main__ - INFO -   steps_per_second: 4770.8936
2025-08-29 06:16:17,463 - __main__ - INFO -   policy_loss: 0.3090
2025-08-29 06:16:17,463 - __main__ - INFO -   value_loss: 110305.2056
2025-08-29 06:16:17,463 - __main__ - INFO -   entropy_loss: -2.1189
2025-08-29 06:16:17,463 - __main__ - INFO -   total_loss: 55152.8921
2025-08-29 06:16:17,463 - __main__ - INFO -   grad_norm: 56.8141
2025-08-29 06:16:17,463 - __main__ - INFO -   debug/update_mean_avg: -0.0028
2025-08-29 06:16:17,463 - __main__ - INFO -   debug/update_mean_std: 0.0044
2025-08-29 06:16:17,463 - __main__ - INFO -   debug/update_mean_min: -0.0099
2025-08-29 06:16:17,463 - __main__ - INFO -   debug/update_mean_max: 0.0062
2025-08-29 06:16:17,463 - __main__ - INFO -   debug/update_log_std_avg: 2.2258
2025-08-29 06:16:17,463 - __main__ - INFO -   debug/update_std_avg: 2.0138
2025-08-29 06:16:17,463 - __main__ - INFO -   debug/update_std_min: 2.0138
2025-08-29 06:16:17,463 - __main__ - INFO -   debug/update_std_max: 2.0138
2025-08-29 06:16:17,463 - __main__ - INFO -   debug/update_action_clipped_pct: 0.0000
2025-08-29 06:16:17,463 - __main__ - INFO -   debug/update_network_output_shape: 2.0000
2025-08-29 06:16:17,463 - __main__ - INFO -   eval_step: 100000.0000
2025-08-29 06:16:17,463 - __main__ - INFO -   eval_episode_count: 10.0000
2025-08-29 06:16:17,463 - __main__ - INFO -   eval_return_mean: -1242.4355
2025-08-29 06:16:17,463 - __main__ - INFO -   eval_return_std: 266.7949
2025-08-29 06:16:17,463 - __main__ - INFO -   eval_return_min: -1712.7204
2025-08-29 06:16:17,463 - __main__ - INFO -   eval_return_max: -863.1334
2025-08-29 06:16:17,463 - __main__ - INFO -   eval_length_mean: 200.0000
2025-08-29 06:16:17,463 - __main__ - INFO -   time_elapsed: 20.9604
2025-08-29 06:16:17,463 - src.core.trainer - INFO - Trainer cleanup completed
