2025-08-29 06:53:58,823 - src.core.trainer - INFO - Logging setup complete. Log file: experiments/ppo_pendulum_first_try_20250829_065358/logs/training.log
2025-08-29 06:53:58,825 - src.utils.registry - INFO - Registered algorithm: ppo -> PPOAlgorithm
2025-08-29 06:53:58,825 - src.utils.registry - INFO - Registered algorithm: random -> RandomAgent
2025-08-29 06:53:58,826 - src.utils.registry - INFO - Registered network: mlp -> MLP
2025-08-29 06:53:58,826 - src.utils.registry - INFO - Registered network: actor_mlp -> ActorMLP
2025-08-29 06:53:58,826 - src.utils.registry - INFO - Registered network: critic_mlp -> CriticMLP
2025-08-29 06:53:58,827 - src.utils.registry - INFO - Registered network: continuous_actor_mlp -> ContinuousActorMLP
2025-08-29 06:53:58,827 - src.utils.registry - INFO - Registered network: dueling_mlp -> DuelingMLP
2025-08-29 06:53:58,828 - src.utils.registry - INFO - Registered environment: gym -> GymWrapper
2025-08-29 06:53:58,830 - src.utils.registry - INFO - Registered buffer: trajectory -> TrajectoryBuffer
2025-08-29 06:53:58,830 - src.core.trainer - INFO - Initializing environment...
2025-08-29 06:53:58,878 - src.environments.gym_wrapper - INFO - Created Gym environment: Pendulum-v1
2025-08-29 06:53:58,878 - src.core.trainer - INFO - Environment: Pendulum-v1
2025-08-29 06:53:58,878 - src.core.trainer - INFO - Observation space: (3,)
2025-08-29 06:53:58,878 - src.core.trainer - INFO - Action space: (1,), discrete: False
2025-08-29 06:53:58,878 - src.core.trainer - INFO - Initializing networks...
2025-08-29 06:53:58,915 - src.core.trainer - INFO - Created actor network: continuous_actor_mlp
2025-08-29 06:53:58,916 - src.core.trainer - INFO - Created critic network: critic_mlp
2025-08-29 06:53:58,916 - src.core.trainer - INFO - Initializing algorithm...
2025-08-29 06:53:59,515 - src.core.trainer - INFO - Created algorithm: ppo
2025-08-29 06:53:59,515 - src.core.trainer - INFO - Initializing buffer...
2025-08-29 06:53:59,515 - src.core.trainer - INFO - Created buffer: trajectory
2025-08-29 06:53:59,517 - src.environments.gym_wrapper - INFO - Seed will be applied on next reset: 42
2025-08-29 06:53:59,517 - src.core.trainer - INFO - Random seeds set to 42
2025-08-29 06:53:59,517 - src.core.trainer - INFO - All components initialized successfully
2025-08-29 06:53:59,517 - src.utils.checkpoint - INFO - Checkpoint manager initialized at experiments/ppo_pendulum_first_try_20250829_065358/checkpoints
2025-08-29 06:53:59,518 - src.utils.logger - INFO - TensorBoard logging enabled: experiments/ppo_pendulum_first_try_20250829_065358/tensorboard
2025-08-29 06:53:59,518 - src.utils.logger - INFO - Experiment logger initialized: experiments/ppo_pendulum_first_try_20250829_065358
2025-08-29 06:53:59,518 - src.utils.checkpoint - INFO - No checkpoint found to load
2025-08-29 06:53:59,518 - src.core.trainer - INFO - No checkpoint found, starting from scratch
2025-08-29 06:53:59,519 - src.core.trainer - INFO - Trainer initialized for experiment: ppo_pendulum_first_try
2025-08-29 06:53:59,519 - src.core.trainer - INFO - Experiment directory: experiments/ppo_pendulum_first_try_20250829_065358
2025-08-29 06:53:59,520 - src.utils.config - INFO - Configuration saved to experiments/ppo_pendulum_first_try_20250829_065358/configs/config.yaml
2025-08-29 06:53:59,530 - src.core.trainer - INFO - Experiment config saved to experiments/ppo_pendulum_first_try_20250829_065358/configs/config.yaml
2025-08-29 06:53:59,530 - __main__ - INFO - Experiment directory: experiments/ppo_pendulum_first_try_20250829_065358
2025-08-29 06:53:59,530 - __main__ - INFO - Configuration hash: 5b38548c
2025-08-29 06:53:59,530 - __main__ - INFO - Starting training loop...
2025-08-29 06:53:59,530 - src.core.trainer - INFO - Starting training...
2025-08-29 06:53:59,531 - src.core.trainer - INFO - Target steps: 5000
2025-08-29 06:53:59,531 - src.core.trainer - INFO - Evaluation frequency: 10000
2025-08-29 06:53:59,531 - src.core.trainer - INFO - Checkpoint frequency: 25000
2025-08-29 06:54:00,673 - src.core.trainer - INFO - Training completed, running final evaluation...
2025-08-29 06:54:00,673 - src.core.trainer - INFO - Running evaluation at step 5000
2025-08-29 06:54:00,827 - src.core.trainer - INFO - Evaluation complete - Mean return: -1742.90
2025-08-29 06:54:00,832 - src.utils.checkpoint - INFO - Checkpoint saved: experiments/ppo_pendulum_first_try_20250829_065358/checkpoints/final.pt (step 5000)
2025-08-29 06:54:00,832 - src.core.trainer - INFO - Final checkpoint saved: experiments/ppo_pendulum_first_try_20250829_065358/checkpoints/final.pt
2025-08-29 06:54:00,832 - src.core.trainer - INFO - Training completed successfully in 1.3s
2025-08-29 06:54:00,838 - src.utils.logger - INFO - TensorBoard writer closed
2025-08-29 06:54:00,838 - __main__ - INFO - Training completed successfully!
2025-08-29 06:54:00,838 - __main__ - INFO - Final results:
2025-08-29 06:54:00,838 - __main__ - INFO -   final_step: 5000.0000
2025-08-29 06:54:00,838 - __main__ - INFO -   training_time: 1.3018
2025-08-29 06:54:00,838 - __main__ - INFO -   steps_per_second: 3840.8329
2025-08-29 06:54:00,838 - __main__ - INFO -   policy_loss: 0.3364
2025-08-29 06:54:00,838 - __main__ - INFO -   value_loss: 305438.1123
2025-08-29 06:54:00,838 - __main__ - INFO -   entropy_loss: -0.5987
2025-08-29 06:54:00,838 - __main__ - INFO -   total_loss: 152719.3621
2025-08-29 06:54:00,838 - __main__ - INFO -   grad_norm: 76.2391
2025-08-29 06:54:00,838 - __main__ - INFO -   debug/update_mean_avg: 0.0143
2025-08-29 06:54:00,838 - __main__ - INFO -   debug/update_mean_std: 0.3592
2025-08-29 06:54:00,838 - __main__ - INFO -   debug/update_mean_min: -0.7341
2025-08-29 06:54:00,838 - __main__ - INFO -   debug/update_mean_max: 0.9446
2025-08-29 06:54:00,838 - __main__ - INFO -   debug/update_log_std_avg: -0.3662
2025-08-29 06:54:00,838 - __main__ - INFO -   debug/update_std_avg: 0.5682
2025-08-29 06:54:00,838 - __main__ - INFO -   debug/update_std_min: 0.1003
2025-08-29 06:54:00,838 - __main__ - INFO -   debug/update_std_max: 0.6065
2025-08-29 06:54:00,838 - __main__ - INFO -   debug/update_action_clipped_pct: 0.0000
2025-08-29 06:54:00,838 - __main__ - INFO -   debug/update_network_output_shape: 2.0000
2025-08-29 06:54:00,838 - __main__ - INFO -   debug/returns_mean: -561.7924
2025-08-29 06:54:00,838 - __main__ - INFO -   debug/returns_std: 191.5938
2025-08-29 06:54:00,838 - __main__ - INFO -   debug/returns_min: -793.8398
2025-08-29 06:54:00,838 - __main__ - INFO -   debug/returns_max: -28.8856
2025-08-29 06:54:00,838 - __main__ - INFO -   debug/advantages_mean: -0.0846
2025-08-29 06:54:00,838 - __main__ - INFO -   debug/advantages_std: 0.8685
2025-08-29 06:54:00,838 - __main__ - INFO -   debug/advantages_min: -0.8643
2025-08-29 06:54:00,838 - __main__ - INFO -   debug/advantages_max: 3.5901
2025-08-29 06:54:00,838 - __main__ - INFO -   debug/old_values_mean: -0.3021
2025-08-29 06:54:00,838 - __main__ - INFO -   debug/old_values_std: 0.3310
2025-08-29 06:54:00,838 - __main__ - INFO -   debug/value_error_mean: 561.4902
2025-08-29 06:54:00,838 - __main__ - INFO -   eval_step: 5000.0000
2025-08-29 06:54:00,838 - __main__ - INFO -   eval_episode_count: 10.0000
2025-08-29 06:54:00,838 - __main__ - INFO -   eval_return_mean: -1742.8996
2025-08-29 06:54:00,838 - __main__ - INFO -   eval_return_std: 108.6190
2025-08-29 06:54:00,838 - __main__ - INFO -   eval_return_min: -1909.9847
2025-08-29 06:54:00,838 - __main__ - INFO -   eval_return_max: -1588.4160
2025-08-29 06:54:00,839 - __main__ - INFO -   eval_length_mean: 200.0000
2025-08-29 06:54:00,839 - src.core.trainer - INFO - Trainer cleanup completed
