2025-08-29 03:06:02,682 - src.core.trainer - INFO - Logging setup complete. Log file: experiments/ppo_pendulum_first_try_20250829_030602/logs/training.log
2025-08-29 03:06:02,688 - src.utils.registry - INFO - Registered network: mlp -> MLP
2025-08-29 03:06:02,688 - src.utils.registry - INFO - Registered network: actor_mlp -> ActorMLP
2025-08-29 03:06:02,688 - src.utils.registry - INFO - Registered network: critic_mlp -> CriticMLP
2025-08-29 03:06:02,688 - src.utils.registry - INFO - Registered network: continuous_actor_mlp -> ContinuousActorMLP
2025-08-29 03:06:02,688 - src.utils.registry - INFO - Registered network: dueling_mlp -> DuelingMLP
2025-08-29 03:06:02,689 - src.utils.registry - INFO - Registered algorithm: ppo -> PPOAlgorithm
2025-08-29 03:06:02,689 - src.utils.registry - INFO - Registered algorithm: random -> RandomAgent
2025-08-29 03:06:02,691 - src.utils.registry - INFO - Registered environment: gym -> GymWrapper
2025-08-29 03:06:02,692 - src.utils.registry - INFO - Registered buffer: trajectory -> TrajectoryBuffer
2025-08-29 03:06:02,692 - src.core.trainer - INFO - Initializing environment...
2025-08-29 03:06:02,739 - src.environments.gym_wrapper - INFO - Created Gym environment: Pendulum-v1
2025-08-29 03:06:02,739 - src.core.trainer - INFO - Environment: Pendulum-v1
2025-08-29 03:06:02,739 - src.core.trainer - INFO - Observation space: (3,)
2025-08-29 03:06:02,739 - src.core.trainer - INFO - Action space: (1,), discrete: False
2025-08-29 03:06:02,739 - src.core.trainer - INFO - Initializing networks...
2025-08-29 03:06:02,771 - src.core.trainer - INFO - Created actor network: continuous_actor_mlp
2025-08-29 03:06:02,772 - src.core.trainer - INFO - Created critic network: critic_mlp
2025-08-29 03:06:02,772 - src.core.trainer - INFO - Initializing algorithm...
2025-08-29 03:06:03,384 - src.core.trainer - INFO - Created algorithm: ppo
2025-08-29 03:06:03,385 - src.core.trainer - INFO - Initializing buffer...
2025-08-29 03:06:03,385 - src.core.trainer - INFO - Created buffer: trajectory
2025-08-29 03:06:03,387 - src.environments.gym_wrapper - INFO - Seed will be applied on next reset: 42
2025-08-29 03:06:03,387 - src.core.trainer - INFO - Random seeds set to 42
2025-08-29 03:06:03,387 - src.core.trainer - INFO - All components initialized successfully
2025-08-29 03:06:03,387 - src.utils.checkpoint - INFO - Checkpoint manager initialized at experiments/ppo_pendulum_first_try_20250829_030602/checkpoints
2025-08-29 03:06:03,388 - src.utils.logger - INFO - TensorBoard logging enabled: experiments/ppo_pendulum_first_try_20250829_030602/tensorboard
2025-08-29 03:06:03,388 - src.utils.logger - INFO - Experiment logger initialized: experiments/ppo_pendulum_first_try_20250829_030602
2025-08-29 03:06:03,389 - src.utils.checkpoint - INFO - No checkpoint found to load
2025-08-29 03:06:03,389 - src.core.trainer - INFO - No checkpoint found, starting from scratch
2025-08-29 03:06:03,389 - src.core.trainer - INFO - Trainer initialized for experiment: ppo_pendulum_first_try
2025-08-29 03:06:03,389 - src.core.trainer - INFO - Experiment directory: experiments/ppo_pendulum_first_try_20250829_030602
2025-08-29 03:06:03,391 - src.utils.config - INFO - Configuration saved to experiments/ppo_pendulum_first_try_20250829_030602/configs/config.yaml
2025-08-29 03:06:03,400 - src.core.trainer - INFO - Experiment config saved to experiments/ppo_pendulum_first_try_20250829_030602/configs/config.yaml
2025-08-29 03:06:03,400 - __main__ - INFO - Experiment directory: experiments/ppo_pendulum_first_try_20250829_030602
2025-08-29 03:06:03,400 - __main__ - INFO - Configuration hash: f8775fe0
2025-08-29 03:06:03,400 - __main__ - INFO - Starting training loop...
2025-08-29 03:06:03,401 - src.core.trainer - INFO - Starting training...
2025-08-29 03:06:03,401 - src.core.trainer - INFO - Target steps: 100000
2025-08-29 03:06:03,401 - src.core.trainer - INFO - Evaluation frequency: 10000
2025-08-29 03:06:03,401 - src.core.trainer - INFO - Checkpoint frequency: 25000
2025-08-29 03:06:09,205 - src.utils.checkpoint - INFO - Checkpoint saved: experiments/ppo_pendulum_first_try_20250829_030602/checkpoints/auto_step_26624.pt (step 26624)
2025-08-29 03:06:09,205 - src.core.trainer - INFO - Auto-saved checkpoint at step 26624
2025-08-29 03:06:15,059 - src.utils.checkpoint - INFO - Checkpoint saved: experiments/ppo_pendulum_first_try_20250829_030602/checkpoints/auto_step_53248.pt (step 53248)
2025-08-29 03:06:15,060 - src.core.trainer - INFO - Auto-saved checkpoint at step 53248
2025-08-29 03:06:20,919 - src.utils.checkpoint - INFO - Checkpoint saved: experiments/ppo_pendulum_first_try_20250829_030602/checkpoints/auto_step_79872.pt (step 79872)
2025-08-29 03:06:20,920 - src.core.trainer - INFO - Auto-saved checkpoint at step 79872
2025-08-29 03:06:25,114 - src.core.trainer - INFO - Running evaluation at step 100000
2025-08-29 03:06:25,276 - src.core.trainer - INFO - Evaluation complete - Mean return: -1249.78
2025-08-29 03:06:25,276 - src.utils.logger - INFO - Step 100000 | train/policy_loss: -0.0023 | train/value_loss: 95158.3566 | train/entropy_loss: -0.6222 | train/total_loss: 47579.1682 | train/grad_norm: 52.9533 | train/time_elapsed: 21.8757 | train/steps_per_second: 4571.2863
2025-08-29 03:06:25,277 - src.utils.logger - INFO - Step 100000 | eval/eval_step: 100000.0000 | eval/eval_episode_count: 10.0000 | eval/eval_return_mean: -1249.7788 | eval/eval_return_std: 34.8744 | eval/eval_return_min: -1325.3234 | eval/eval_return_max: -1201.9925 | eval/eval_length_mean: 200.0000
2025-08-29 03:06:25,278 - src.core.trainer - INFO - Training completed, running final evaluation...
2025-08-29 03:06:25,278 - src.core.trainer - INFO - Running evaluation at step 100000
2025-08-29 03:06:25,437 - src.core.trainer - INFO - Evaluation complete - Mean return: -1249.78
2025-08-29 03:06:25,441 - src.utils.checkpoint - INFO - Checkpoint saved: experiments/ppo_pendulum_first_try_20250829_030602/checkpoints/final.pt (step 100000)
2025-08-29 03:06:25,441 - src.core.trainer - INFO - Final checkpoint saved: experiments/ppo_pendulum_first_try_20250829_030602/checkpoints/final.pt
2025-08-29 03:06:25,441 - src.core.trainer - INFO - Training completed successfully in 22.0s
2025-08-29 03:06:25,446 - src.utils.logger - INFO - TensorBoard writer closed
2025-08-29 03:06:25,446 - __main__ - INFO - Training completed successfully!
2025-08-29 03:06:25,446 - __main__ - INFO - Final results:
2025-08-29 03:06:25,446 - __main__ - INFO -   final_step: 100000.0000
2025-08-29 03:06:25,446 - __main__ - INFO -   training_time: 22.0405
2025-08-29 03:06:25,446 - __main__ - INFO -   steps_per_second: 4571.2863
2025-08-29 03:06:25,446 - __main__ - INFO -   policy_loss: -0.0023
2025-08-29 03:06:25,446 - __main__ - INFO -   value_loss: 95158.3566
2025-08-29 03:06:25,446 - __main__ - INFO -   entropy_loss: -0.6222
2025-08-29 03:06:25,446 - __main__ - INFO -   total_loss: 47579.1682
2025-08-29 03:06:25,446 - __main__ - INFO -   grad_norm: 52.9533
2025-08-29 03:06:25,446 - __main__ - INFO -   eval_step: 100000.0000
2025-08-29 03:06:25,446 - __main__ - INFO -   eval_episode_count: 10.0000
2025-08-29 03:06:25,446 - __main__ - INFO -   eval_return_mean: -1249.7788
2025-08-29 03:06:25,446 - __main__ - INFO -   eval_return_std: 34.8744
2025-08-29 03:06:25,446 - __main__ - INFO -   eval_return_min: -1325.3234
2025-08-29 03:06:25,446 - __main__ - INFO -   eval_return_max: -1201.9925
2025-08-29 03:06:25,446 - __main__ - INFO -   eval_length_mean: 200.0000
2025-08-29 03:06:25,446 - __main__ - INFO -   time_elapsed: 21.8757
2025-08-29 03:06:25,446 - src.core.trainer - INFO - Trainer cleanup completed
