2025-08-28 11:25:49,414 - src.core.trainer - INFO - Logging setup complete. Log file: experiments/ppo_cartpole_homework_20250828_112549/logs/training.log
2025-08-28 11:25:49,416 - src.utils.registry - INFO - Registered network: mlp -> MLP
2025-08-28 11:25:49,416 - src.utils.registry - INFO - Registered network: actor_mlp -> ActorMLP
2025-08-28 11:25:49,416 - src.utils.registry - INFO - Registered network: critic_mlp -> CriticMLP
2025-08-28 11:25:49,417 - src.utils.registry - INFO - Registered network: dueling_mlp -> DuelingMLP
2025-08-28 11:25:49,417 - src.utils.registry - INFO - Registered algorithm: ppo -> PPOAlgorithm
2025-08-28 11:25:49,417 - src.utils.registry - INFO - Registered algorithm: random -> RandomAgent
2025-08-28 11:25:49,419 - src.utils.registry - INFO - Registered environment: gym -> GymWrapper
2025-08-28 11:25:49,420 - src.utils.registry - INFO - Registered buffer: trajectory -> TrajectoryBuffer
2025-08-28 11:25:49,420 - src.core.trainer - INFO - Initializing environment...
2025-08-28 11:25:49,464 - src.environments.gym_wrapper - INFO - Created Gym environment: CartPole-v1
2025-08-28 11:25:49,465 - src.core.trainer - INFO - Environment: CartPole-v1
2025-08-28 11:25:49,465 - src.core.trainer - INFO - Observation space: (4,)
2025-08-28 11:25:49,465 - src.core.trainer - INFO - Action space: (np.int64(2),), discrete: True
2025-08-28 11:25:49,465 - src.core.trainer - INFO - Initializing networks...
2025-08-28 11:25:49,490 - src.core.trainer - INFO - Created actor network: actor_mlp
2025-08-28 11:25:49,490 - src.core.trainer - INFO - Created critic network: critic_mlp
2025-08-28 11:25:49,491 - src.core.trainer - INFO - Initializing algorithm...
2025-08-28 11:25:50,029 - src.core.trainer - INFO - Created algorithm: ppo
2025-08-28 11:25:50,029 - src.core.trainer - INFO - Initializing buffer...
2025-08-28 11:25:50,029 - src.core.trainer - INFO - Created buffer: trajectory
2025-08-28 11:25:50,031 - src.environments.gym_wrapper - INFO - Seed will be applied on next reset: 42
2025-08-28 11:25:50,031 - src.core.trainer - INFO - Random seeds set to 42
2025-08-28 11:25:50,031 - src.core.trainer - INFO - All components initialized successfully
2025-08-28 11:25:50,032 - src.utils.checkpoint - INFO - Checkpoint manager initialized at experiments/ppo_cartpole_homework_20250828_112549/checkpoints
2025-08-28 11:25:50,032 - src.utils.checkpoint - INFO - No checkpoint found to load
2025-08-28 11:25:50,032 - src.core.trainer - INFO - No checkpoint found, starting from scratch
2025-08-28 11:25:50,032 - src.core.trainer - INFO - Trainer initialized for experiment: ppo_cartpole_homework
2025-08-28 11:25:50,032 - src.core.trainer - INFO - Experiment directory: experiments/ppo_cartpole_homework_20250828_112549
2025-08-28 11:25:50,034 - src.utils.config - INFO - Configuration saved to experiments/ppo_cartpole_homework_20250828_112549/configs/config.yaml
2025-08-28 11:25:50,042 - src.core.trainer - INFO - Experiment config saved to experiments/ppo_cartpole_homework_20250828_112549/configs/config.yaml
2025-08-28 11:25:50,042 - __main__ - INFO - Experiment directory: experiments/ppo_cartpole_homework_20250828_112549
2025-08-28 11:25:50,042 - __main__ - INFO - Configuration hash: 086d6bca
2025-08-28 11:25:50,042 - __main__ - INFO - Starting training loop...
2025-08-28 11:25:50,042 - src.core.trainer - INFO - Starting training...
2025-08-28 11:25:50,042 - src.core.trainer - INFO - Target steps: 1000
2025-08-28 11:25:50,042 - src.core.trainer - INFO - Evaluation frequency: 5000
2025-08-28 11:25:50,042 - src.core.trainer - INFO - Checkpoint frequency: 10000
2025-08-28 11:25:50,246 - src.core.trainer - INFO - Training completed, running final evaluation...
2025-08-28 11:25:50,246 - src.core.trainer - INFO - Running evaluation at step 1000
2025-08-28 11:25:50,304 - src.core.trainer - INFO - Evaluation complete - Mean return: 93.80
2025-08-28 11:25:50,308 - src.utils.checkpoint - INFO - Checkpoint saved: experiments/ppo_cartpole_homework_20250828_112549/checkpoints/final.pt (step 1000)
2025-08-28 11:25:50,308 - src.core.trainer - INFO - Final checkpoint saved: experiments/ppo_cartpole_homework_20250828_112549/checkpoints/final.pt
2025-08-28 11:25:50,308 - src.core.trainer - INFO - Training completed successfully in 0.3s
2025-08-28 11:25:50,308 - __main__ - INFO - Training completed successfully!
2025-08-28 11:25:50,308 - __main__ - INFO - Final results:
2025-08-28 11:25:50,308 - __main__ - INFO -   final_step: 1000.0000
2025-08-28 11:25:50,308 - __main__ - INFO -   training_time: 0.2657
2025-08-28 11:25:50,308 - __main__ - INFO -   steps_per_second: 3763.7431
2025-08-28 11:25:50,308 - __main__ - INFO -   eval_step: 1000.0000
2025-08-28 11:25:50,308 - __main__ - INFO -   eval_episode_count: 10.0000
2025-08-28 11:25:50,308 - __main__ - INFO -   eval_return_mean: 93.8000
2025-08-28 11:25:50,308 - __main__ - INFO -   eval_return_std: 42.4636
2025-08-28 11:25:50,308 - __main__ - INFO -   eval_return_min: 41.0000
2025-08-28 11:25:50,308 - __main__ - INFO -   eval_return_max: 173.0000
2025-08-28 11:25:50,308 - __main__ - INFO -   eval_length_mean: 93.8000
2025-08-28 11:25:50,309 - src.core.trainer - INFO - Trainer cleanup completed
