2025-08-29 06:47:34,576 - src.core.trainer - INFO - Logging setup complete. Log file: experiments/ppo_pendulum_first_try_20250829_064734/logs/training.log
2025-08-29 06:47:34,577 - src.utils.registry - INFO - Registered algorithm: ppo -> PPOAlgorithm
2025-08-29 06:47:34,577 - src.utils.registry - INFO - Registered algorithm: random -> RandomAgent
2025-08-29 06:47:34,579 - src.utils.registry - INFO - Registered network: mlp -> MLP
2025-08-29 06:47:34,579 - src.utils.registry - INFO - Registered network: actor_mlp -> ActorMLP
2025-08-29 06:47:34,579 - src.utils.registry - INFO - Registered network: critic_mlp -> CriticMLP
2025-08-29 06:47:34,579 - src.utils.registry - INFO - Registered network: continuous_actor_mlp -> ContinuousActorMLP
2025-08-29 06:47:34,579 - src.utils.registry - INFO - Registered network: dueling_mlp -> DuelingMLP
2025-08-29 06:47:34,580 - src.utils.registry - INFO - Registered environment: gym -> GymWrapper
2025-08-29 06:47:34,582 - src.utils.registry - INFO - Registered buffer: trajectory -> TrajectoryBuffer
2025-08-29 06:47:34,582 - src.core.trainer - INFO - Initializing environment...
2025-08-29 06:47:34,624 - src.environments.gym_wrapper - INFO - Created Gym environment: Pendulum-v1
2025-08-29 06:47:34,624 - src.core.trainer - INFO - Environment: Pendulum-v1
2025-08-29 06:47:34,624 - src.core.trainer - INFO - Observation space: (3,)
2025-08-29 06:47:34,624 - src.core.trainer - INFO - Action space: (1,), discrete: False
2025-08-29 06:47:34,624 - src.core.trainer - INFO - Initializing networks...
2025-08-29 06:47:34,653 - src.core.trainer - INFO - Created actor network: continuous_actor_mlp
2025-08-29 06:47:34,653 - src.core.trainer - INFO - Created critic network: critic_mlp
2025-08-29 06:47:34,654 - src.core.trainer - INFO - Initializing algorithm...
2025-08-29 06:47:35,180 - src.core.trainer - INFO - Created algorithm: ppo
2025-08-29 06:47:35,180 - src.core.trainer - INFO - Initializing buffer...
2025-08-29 06:47:35,180 - src.core.trainer - INFO - Created buffer: trajectory
2025-08-29 06:47:35,182 - src.environments.gym_wrapper - INFO - Seed will be applied on next reset: 42
2025-08-29 06:47:35,182 - src.core.trainer - INFO - Random seeds set to 42
2025-08-29 06:47:35,182 - src.core.trainer - INFO - All components initialized successfully
2025-08-29 06:47:35,182 - src.utils.checkpoint - INFO - Checkpoint manager initialized at experiments/ppo_pendulum_first_try_20250829_064734/checkpoints
2025-08-29 06:47:35,183 - src.utils.logger - INFO - TensorBoard logging enabled: experiments/ppo_pendulum_first_try_20250829_064734/tensorboard
2025-08-29 06:47:35,183 - src.utils.logger - INFO - Experiment logger initialized: experiments/ppo_pendulum_first_try_20250829_064734
2025-08-29 06:47:35,184 - src.utils.checkpoint - INFO - No checkpoint found to load
2025-08-29 06:47:35,184 - src.core.trainer - INFO - No checkpoint found, starting from scratch
2025-08-29 06:47:35,184 - src.core.trainer - INFO - Trainer initialized for experiment: ppo_pendulum_first_try
2025-08-29 06:47:35,184 - src.core.trainer - INFO - Experiment directory: experiments/ppo_pendulum_first_try_20250829_064734
2025-08-29 06:47:35,185 - src.utils.config - INFO - Configuration saved to experiments/ppo_pendulum_first_try_20250829_064734/configs/config.yaml
2025-08-29 06:47:35,194 - src.core.trainer - INFO - Experiment config saved to experiments/ppo_pendulum_first_try_20250829_064734/configs/config.yaml
2025-08-29 06:47:35,194 - __main__ - INFO - Experiment directory: experiments/ppo_pendulum_first_try_20250829_064734
2025-08-29 06:47:35,194 - __main__ - INFO - Configuration hash: 5b38548c
2025-08-29 06:47:35,194 - __main__ - INFO - Starting training loop...
2025-08-29 06:47:35,194 - src.core.trainer - INFO - Starting training...
2025-08-29 06:47:35,194 - src.core.trainer - INFO - Target steps: 5000
2025-08-29 06:47:35,194 - src.core.trainer - INFO - Evaluation frequency: 10000
2025-08-29 06:47:35,194 - src.core.trainer - INFO - Checkpoint frequency: 25000
2025-08-29 06:47:36,262 - src.core.trainer - INFO - Training completed, running final evaluation...
2025-08-29 06:47:36,262 - src.core.trainer - INFO - Running evaluation at step 5000
2025-08-29 06:47:36,419 - src.core.trainer - INFO - Evaluation complete - Mean return: -1235.81
2025-08-29 06:47:36,424 - src.utils.checkpoint - INFO - Checkpoint saved: experiments/ppo_pendulum_first_try_20250829_064734/checkpoints/final.pt (step 5000)
2025-08-29 06:47:36,424 - src.core.trainer - INFO - Final checkpoint saved: experiments/ppo_pendulum_first_try_20250829_064734/checkpoints/final.pt
2025-08-29 06:47:36,424 - src.core.trainer - INFO - Training completed successfully in 1.2s
2025-08-29 06:47:36,429 - src.utils.logger - INFO - TensorBoard writer closed
2025-08-29 06:47:36,429 - __main__ - INFO - Training completed successfully!
2025-08-29 06:47:36,429 - __main__ - INFO - Final results:
2025-08-29 06:47:36,429 - __main__ - INFO -   final_step: 5000.0000
2025-08-29 06:47:36,429 - __main__ - INFO -   training_time: 1.2297
2025-08-29 06:47:36,429 - __main__ - INFO -   steps_per_second: 4066.1046
2025-08-29 06:47:36,429 - __main__ - INFO -   policy_loss: 22.7902
2025-08-29 06:47:36,429 - __main__ - INFO -   value_loss: 181060.1245
2025-08-29 06:47:36,429 - __main__ - INFO -   entropy_loss: -0.0839
2025-08-29 06:47:36,429 - __main__ - INFO -   total_loss: 90552.8489
2025-08-29 06:47:36,429 - __main__ - INFO -   grad_norm: 3561.0659
2025-08-29 06:47:36,430 - __main__ - INFO -   debug/update_mean_avg: 0.2076
2025-08-29 06:47:36,430 - __main__ - INFO -   debug/update_mean_std: 0.0972
2025-08-29 06:47:36,430 - __main__ - INFO -   debug/update_mean_min: 0.0100
2025-08-29 06:47:36,430 - __main__ - INFO -   debug/update_mean_max: 0.3261
2025-08-29 06:47:36,430 - __main__ - INFO -   debug/update_log_std_avg: -1.2015
2025-08-29 06:47:36,430 - __main__ - INFO -   debug/update_std_avg: 0.3059
2025-08-29 06:47:36,430 - __main__ - INFO -   debug/update_std_min: 0.1998
2025-08-29 06:47:36,430 - __main__ - INFO -   debug/update_std_max: 0.3735
2025-08-29 06:47:36,430 - __main__ - INFO -   debug/update_action_clipped_pct: 0.0000
2025-08-29 06:47:36,430 - __main__ - INFO -   debug/update_network_output_shape: 2.0000
2025-08-29 06:47:36,430 - __main__ - INFO -   debug/returns_mean: -415.6132
2025-08-29 06:47:36,430 - __main__ - INFO -   debug/returns_std: 176.7076
2025-08-29 06:47:36,430 - __main__ - INFO -   debug/returns_min: -786.8262
2025-08-29 06:47:36,430 - __main__ - INFO -   debug/returns_max: -15.0854
2025-08-29 06:47:36,430 - __main__ - INFO -   debug/advantages_mean: -0.1411
2025-08-29 06:47:36,430 - __main__ - INFO -   debug/advantages_std: 0.8635
2025-08-29 06:47:36,430 - __main__ - INFO -   debug/advantages_min: -1.5393
2025-08-29 06:47:36,430 - __main__ - INFO -   debug/advantages_max: 2.6448
2025-08-29 06:47:36,430 - __main__ - INFO -   debug/old_values_mean: -0.1799
2025-08-29 06:47:36,430 - __main__ - INFO -   debug/old_values_std: 0.2622
2025-08-29 06:47:36,430 - __main__ - INFO -   debug/value_error_mean: 415.4332
2025-08-29 06:47:36,430 - __main__ - INFO -   eval_step: 5000.0000
2025-08-29 06:47:36,430 - __main__ - INFO -   eval_episode_count: 10.0000
2025-08-29 06:47:36,430 - __main__ - INFO -   eval_return_mean: -1235.8078
2025-08-29 06:47:36,430 - __main__ - INFO -   eval_return_std: 262.7327
2025-08-29 06:47:36,430 - __main__ - INFO -   eval_return_min: -1688.3372
2025-08-29 06:47:36,430 - __main__ - INFO -   eval_return_max: -917.6082
2025-08-29 06:47:36,430 - __main__ - INFO -   eval_length_mean: 200.0000
2025-08-29 06:47:36,430 - src.core.trainer - INFO - Trainer cleanup completed
