2025-08-31 01:44:12,511 - src.core.trainer - INFO - Logging setup complete. Log file: experiments/ppo_pendulum_5M_20250831_014412/logs/training.log
2025-08-31 01:44:12,512 - src.utils.registry - INFO - Registered algorithm: ppo -> PPOAlgorithm
2025-08-31 01:44:12,513 - src.utils.registry - INFO - Registered algorithm: random -> RandomAgent
2025-08-31 01:44:12,514 - src.utils.registry - INFO - Registered network: mlp -> MLP
2025-08-31 01:44:12,514 - src.utils.registry - INFO - Registered network: actor_mlp -> ActorMLP
2025-08-31 01:44:12,514 - src.utils.registry - INFO - Registered network: critic_mlp -> CriticMLP
2025-08-31 01:44:12,514 - src.utils.registry - INFO - Registered network: continuous_actor_mlp -> ContinuousActorMLP
2025-08-31 01:44:12,514 - src.utils.registry - INFO - Registered network: dueling_mlp -> DuelingMLP
2025-08-31 01:44:12,515 - src.utils.registry - INFO - Registered environment: gym -> GymWrapper
2025-08-31 01:44:12,516 - src.utils.registry - INFO - Registered buffer: trajectory -> TrajectoryBuffer
2025-08-31 01:44:12,516 - src.core.trainer - INFO - Initializing environment...
2025-08-31 01:44:12,564 - src.environments.gym_wrapper - INFO - Created Gym environment: Pendulum-v1
2025-08-31 01:44:12,564 - src.core.trainer - INFO - Environment: Pendulum-v1
2025-08-31 01:44:12,564 - src.core.trainer - INFO - Observation space: (3,)
2025-08-31 01:44:12,564 - src.core.trainer - INFO - Action space: (1,), discrete: False
2025-08-31 01:44:12,564 - src.core.trainer - INFO - Initializing networks...
2025-08-31 01:44:12,592 - src.core.trainer - INFO - Created actor network: continuous_actor_mlp
2025-08-31 01:44:12,593 - src.core.trainer - INFO - Created critic network: critic_mlp
2025-08-31 01:44:12,593 - src.core.trainer - INFO - Initializing algorithm...
2025-08-31 01:44:13,276 - src.core.trainer - INFO - Created algorithm: ppo
2025-08-31 01:44:13,276 - src.core.trainer - INFO - Initializing buffer...
2025-08-31 01:44:13,276 - src.core.trainer - INFO - Created buffer: trajectory
2025-08-31 01:44:13,279 - src.environments.gym_wrapper - INFO - Seed will be applied on next reset: 42
2025-08-31 01:44:13,279 - src.core.trainer - INFO - Random seeds set to 42
2025-08-31 01:44:13,279 - src.core.trainer - INFO - All components initialized successfully
2025-08-31 01:44:13,279 - src.utils.checkpoint - INFO - Checkpoint manager initialized at experiments/ppo_pendulum_5M_20250831_014412/checkpoints
2025-08-31 01:44:13,280 - src.utils.logger - INFO - TensorBoard logging enabled: experiments/ppo_pendulum_5M_20250831_014412/tensorboard
2025-08-31 01:44:13,280 - src.utils.logger - INFO - Experiment logger initialized: experiments/ppo_pendulum_5M_20250831_014412
2025-08-31 01:44:13,281 - src.utils.checkpoint - INFO - No checkpoint found to load
2025-08-31 01:44:13,281 - src.core.trainer - INFO - No checkpoint found, starting from scratch
2025-08-31 01:44:13,281 - src.core.trainer - INFO - Trainer initialized for experiment: ppo_pendulum_5M
2025-08-31 01:44:13,281 - src.core.trainer - INFO - Experiment directory: experiments/ppo_pendulum_5M_20250831_014412
2025-08-31 01:44:13,283 - src.utils.config - INFO - Configuration saved to experiments/ppo_pendulum_5M_20250831_014412/configs/config.yaml
2025-08-31 01:44:13,294 - src.core.trainer - INFO - Experiment config saved to experiments/ppo_pendulum_5M_20250831_014412/configs/config.yaml
2025-08-31 01:44:13,294 - __main__ - INFO - Experiment directory: experiments/ppo_pendulum_5M_20250831_014412
2025-08-31 01:44:13,294 - __main__ - INFO - Configuration hash: c3c3d5d7
2025-08-31 01:44:13,294 - __main__ - INFO - Starting training loop...
2025-08-31 01:44:13,294 - src.core.trainer - INFO - Starting training...
2025-08-31 01:44:13,294 - src.core.trainer - INFO - Target steps: 5000000
2025-08-31 01:44:13,294 - src.core.trainer - INFO - Evaluation frequency: 50000
2025-08-31 01:44:13,294 - src.core.trainer - INFO - Checkpoint frequency: 250000
2025-08-31 01:45:25,076 - src.utils.checkpoint - INFO - Checkpoint saved: experiments/ppo_pendulum_5M_20250831_014412/checkpoints/auto_step_251904.pt (step 251904)
2025-08-31 01:45:25,077 - src.core.trainer - INFO - Auto-saved checkpoint at step 251904
2025-08-31 01:51:20,550 - src.core.trainer - INFO - Logging setup complete. Log file: experiments/ppo_pendulum_5M_20250831_014412/logs/training.log
2025-08-31 01:51:20,552 - src.utils.registry - INFO - Registered algorithm: ppo -> PPOAlgorithm
2025-08-31 01:51:20,552 - src.utils.registry - INFO - Registered algorithm: random -> RandomAgent
2025-08-31 01:51:20,553 - src.utils.registry - INFO - Registered network: mlp -> MLP
2025-08-31 01:51:20,553 - src.utils.registry - INFO - Registered network: actor_mlp -> ActorMLP
2025-08-31 01:51:20,553 - src.utils.registry - INFO - Registered network: critic_mlp -> CriticMLP
2025-08-31 01:51:20,553 - src.utils.registry - INFO - Registered network: continuous_actor_mlp -> ContinuousActorMLP
2025-08-31 01:51:20,553 - src.utils.registry - INFO - Registered network: dueling_mlp -> DuelingMLP
2025-08-31 01:51:20,554 - src.utils.registry - INFO - Registered environment: gym -> GymWrapper
2025-08-31 01:51:20,555 - src.utils.registry - INFO - Registered buffer: trajectory -> TrajectoryBuffer
2025-08-31 01:51:20,556 - src.core.trainer - INFO - Initializing environment...
2025-08-31 01:51:20,604 - src.environments.gym_wrapper - INFO - Created Gym environment: Pendulum-v1
2025-08-31 01:51:20,605 - src.core.trainer - INFO - Environment: Pendulum-v1
2025-08-31 01:51:20,605 - src.core.trainer - INFO - Observation space: (3,)
2025-08-31 01:51:20,605 - src.core.trainer - INFO - Action space: (1,), discrete: False
2025-08-31 01:51:20,605 - src.core.trainer - INFO - Initializing networks...
2025-08-31 01:51:20,646 - src.core.trainer - INFO - Created actor network: continuous_actor_mlp
2025-08-31 01:51:20,647 - src.core.trainer - INFO - Created critic network: critic_mlp
2025-08-31 01:51:20,647 - src.core.trainer - INFO - Initializing algorithm...
2025-08-31 01:51:21,199 - src.core.trainer - INFO - Created algorithm: ppo
2025-08-31 01:51:21,199 - src.core.trainer - INFO - Initializing buffer...
2025-08-31 01:51:21,199 - src.core.trainer - INFO - Created buffer: trajectory
2025-08-31 01:51:21,202 - src.environments.gym_wrapper - INFO - Seed will be applied on next reset: 42
2025-08-31 01:51:21,202 - src.core.trainer - INFO - Random seeds set to 42
2025-08-31 01:51:21,202 - src.core.trainer - INFO - All components initialized successfully
2025-08-31 01:51:21,202 - src.utils.checkpoint - INFO - Checkpoint manager initialized at experiments/ppo_pendulum_5M_20250831_014412/checkpoints
2025-08-31 01:51:21,203 - src.utils.logger - INFO - TensorBoard logging enabled: experiments/ppo_pendulum_5M_20250831_014412/tensorboard
2025-08-31 01:51:21,203 - src.utils.logger - INFO - Experiment logger initialized: experiments/ppo_pendulum_5M_20250831_014412
2025-08-31 01:51:21,210 - src.utils.checkpoint - INFO - Checkpoint loaded: experiments/ppo_pendulum_5M_20250831_014412/checkpoints/latest.pt (step 251904)
2025-08-31 01:51:21,210 - src.core.trainer - INFO - Resuming from checkpoint...
2025-08-31 01:51:21,231 - src.utils.checkpoint - INFO - Training state restored to step 251904
2025-08-31 01:51:21,231 - src.core.trainer - INFO - Resumed from step 251904
2025-08-31 01:51:21,231 - src.core.trainer - INFO - Trainer initialized for experiment: ppo_pendulum_5M
2025-08-31 01:51:21,231 - src.core.trainer - INFO - Experiment directory: experiments/ppo_pendulum_5M_20250831_014412
2025-08-31 01:51:21,233 - src.utils.config - INFO - Configuration saved to experiments/ppo_pendulum_5M_20250831_014412/configs/config.yaml
2025-08-31 01:51:21,242 - src.core.trainer - INFO - Experiment config saved to experiments/ppo_pendulum_5M_20250831_014412/configs/config.yaml
2025-08-31 01:51:21,243 - __main__ - INFO - Experiment directory: experiments/ppo_pendulum_5M_20250831_014412
2025-08-31 01:51:21,243 - __main__ - INFO - Configuration hash: c3c3d5d7
2025-08-31 01:51:21,243 - __main__ - INFO - Starting training loop...
2025-08-31 01:51:21,243 - src.core.trainer - INFO - Starting training...
2025-08-31 01:51:21,243 - src.core.trainer - INFO - Target steps: 5000000
2025-08-31 01:51:21,243 - src.core.trainer - INFO - Evaluation frequency: 50000
2025-08-31 01:51:21,243 - src.core.trainer - INFO - Checkpoint frequency: 250000
2025-08-31 01:51:21,851 - src.utils.checkpoint - INFO - Checkpoint saved: experiments/ppo_pendulum_5M_20250831_014412/checkpoints/auto_step_253952.pt (step 253952)
2025-08-31 01:51:21,851 - src.core.trainer - INFO - Auto-saved checkpoint at step 253952
2025-08-31 01:52:30,198 - src.utils.checkpoint - INFO - Checkpoint saved: experiments/ppo_pendulum_5M_20250831_014412/checkpoints/auto_step_505856.pt (step 505856)
2025-08-31 01:52:30,199 - src.core.trainer - INFO - Auto-saved checkpoint at step 505856
2025-08-31 02:21:11,190 - src.core.trainer - INFO - Logging setup complete. Log file: experiments/ppo_pendulum_5M_20250831_014412/logs/training.log
2025-08-31 02:21:11,192 - src.utils.registry - INFO - Registered algorithm: ppo -> PPOAlgorithm
2025-08-31 02:21:11,192 - src.utils.registry - INFO - Registered algorithm: random -> RandomAgent
2025-08-31 02:21:11,193 - src.utils.registry - INFO - Registered network: mlp -> MLP
2025-08-31 02:21:11,193 - src.utils.registry - INFO - Registered network: actor_mlp -> ActorMLP
2025-08-31 02:21:11,193 - src.utils.registry - INFO - Registered network: critic_mlp -> CriticMLP
2025-08-31 02:21:11,193 - src.utils.registry - INFO - Registered network: continuous_actor_mlp -> ContinuousActorMLP
2025-08-31 02:21:11,193 - src.utils.registry - INFO - Registered network: dueling_mlp -> DuelingMLP
2025-08-31 02:21:11,194 - src.utils.registry - INFO - Registered environment: gym -> GymWrapper
2025-08-31 02:21:11,195 - src.utils.registry - INFO - Registered buffer: trajectory -> TrajectoryBuffer
2025-08-31 02:21:11,195 - src.core.trainer - INFO - Initializing environment...
2025-08-31 02:21:11,243 - src.environments.gym_wrapper - INFO - Created Gym environment: Pendulum-v1
2025-08-31 02:21:11,243 - src.core.trainer - INFO - Environment: Pendulum-v1
2025-08-31 02:21:11,243 - src.core.trainer - INFO - Observation space: (3,)
2025-08-31 02:21:11,243 - src.core.trainer - INFO - Action space: (1,), discrete: False
2025-08-31 02:21:11,243 - src.core.trainer - INFO - Initializing networks...
2025-08-31 02:21:11,288 - src.core.trainer - INFO - Created actor network: continuous_actor_mlp
2025-08-31 02:21:11,288 - src.core.trainer - INFO - Created critic network: critic_mlp
2025-08-31 02:21:11,288 - src.core.trainer - INFO - Initializing algorithm...
2025-08-31 02:21:11,841 - src.core.trainer - INFO - Created algorithm: ppo
2025-08-31 02:21:11,841 - src.core.trainer - INFO - Initializing buffer...
2025-08-31 02:21:11,841 - src.core.trainer - INFO - Created buffer: trajectory
2025-08-31 02:21:11,844 - src.environments.gym_wrapper - INFO - Seed will be applied on next reset: 42
2025-08-31 02:21:11,844 - src.core.trainer - INFO - Random seeds set to 42
2025-08-31 02:21:11,844 - src.core.trainer - INFO - All components initialized successfully
2025-08-31 02:21:11,844 - src.utils.checkpoint - INFO - Checkpoint manager initialized at experiments/ppo_pendulum_5M_20250831_014412/checkpoints
2025-08-31 02:21:11,845 - src.utils.logger - INFO - TensorBoard logging enabled: experiments/ppo_pendulum_5M_20250831_014412/tensorboard
2025-08-31 02:21:11,845 - src.utils.logger - INFO - Experiment logger initialized: experiments/ppo_pendulum_5M_20250831_014412
2025-08-31 02:21:11,852 - src.utils.checkpoint - INFO - Checkpoint loaded: experiments/ppo_pendulum_5M_20250831_014412/checkpoints/latest.pt (step 505856)
2025-08-31 02:21:11,852 - src.core.trainer - INFO - Resuming from checkpoint...
2025-08-31 02:21:11,866 - src.utils.checkpoint - INFO - Training state restored to step 505856
2025-08-31 02:21:11,866 - src.core.trainer - INFO - Resumed from step 505856
2025-08-31 02:21:11,866 - src.core.trainer - INFO - Trainer initialized for experiment: ppo_pendulum_5M
2025-08-31 02:21:11,866 - src.core.trainer - INFO - Experiment directory: experiments/ppo_pendulum_5M_20250831_014412
2025-08-31 02:21:11,868 - src.utils.config - INFO - Configuration saved to experiments/ppo_pendulum_5M_20250831_014412/configs/config.yaml
2025-08-31 02:21:11,879 - src.core.trainer - INFO - Experiment config saved to experiments/ppo_pendulum_5M_20250831_014412/configs/config.yaml
2025-08-31 02:21:11,879 - __main__ - INFO - Experiment directory: experiments/ppo_pendulum_5M_20250831_014412
2025-08-31 02:21:11,879 - __main__ - INFO - Configuration hash: c3c3d5d7
2025-08-31 02:21:11,879 - __main__ - INFO - Starting training loop...
2025-08-31 02:21:11,879 - src.core.trainer - INFO - Starting training...
2025-08-31 02:21:11,879 - src.core.trainer - INFO - Target steps: 5000000
2025-08-31 02:21:11,879 - src.core.trainer - INFO - Evaluation frequency: 50000
2025-08-31 02:21:11,879 - src.core.trainer - INFO - Checkpoint frequency: 250000
2025-08-31 02:21:12,498 - src.utils.checkpoint - INFO - Checkpoint saved: experiments/ppo_pendulum_5M_20250831_014412/checkpoints/auto_step_507904.pt (step 507904)
2025-08-31 02:21:12,498 - src.core.trainer - INFO - Auto-saved checkpoint at step 507904
2025-08-31 02:22:19,124 - src.utils.checkpoint - INFO - Checkpoint saved: experiments/ppo_pendulum_5M_20250831_014412/checkpoints/auto_step_759808.pt (step 759808)
2025-08-31 02:22:19,125 - src.core.trainer - INFO - Auto-saved checkpoint at step 759808
2025-08-31 02:23:26,649 - src.utils.checkpoint - INFO - Checkpoint saved: experiments/ppo_pendulum_5M_20250831_014412/checkpoints/auto_step_1011712.pt (step 1011712)
2025-08-31 02:23:26,650 - src.core.trainer - INFO - Auto-saved checkpoint at step 1011712
