2025-08-29 05:01:12,473 - src.core.trainer - INFO - Logging setup complete. Log file: experiments/ppo_pendulum_first_try_20250829_050112/logs/training.log
2025-08-29 05:01:12,477 - src.utils.registry - INFO - Registered network: mlp -> MLP
2025-08-29 05:01:12,477 - src.utils.registry - INFO - Registered network: actor_mlp -> ActorMLP
2025-08-29 05:01:12,477 - src.utils.registry - INFO - Registered network: critic_mlp -> CriticMLP
2025-08-29 05:01:12,477 - src.utils.registry - INFO - Registered network: continuous_actor_mlp -> ContinuousActorMLP
2025-08-29 05:01:12,477 - src.utils.registry - INFO - Registered network: dueling_mlp -> DuelingMLP
2025-08-29 05:01:12,477 - src.utils.registry - INFO - Registered algorithm: ppo -> PPOAlgorithm
2025-08-29 05:01:12,478 - src.utils.registry - INFO - Registered algorithm: random -> RandomAgent
2025-08-29 05:01:12,479 - src.utils.registry - INFO - Registered environment: gym -> GymWrapper
2025-08-29 05:01:12,480 - src.utils.registry - INFO - Registered buffer: trajectory -> TrajectoryBuffer
2025-08-29 05:01:12,481 - src.core.trainer - INFO - Initializing environment...
2025-08-29 05:01:12,530 - src.environments.gym_wrapper - INFO - Created Gym environment: Pendulum-v1
2025-08-29 05:01:12,530 - src.core.trainer - INFO - Environment: Pendulum-v1
2025-08-29 05:01:12,530 - src.core.trainer - INFO - Observation space: (3,)
2025-08-29 05:01:12,530 - src.core.trainer - INFO - Action space: (1,), discrete: False
2025-08-29 05:01:12,530 - src.core.trainer - INFO - Initializing networks...
2025-08-29 05:01:12,577 - src.core.trainer - INFO - Created actor network: continuous_actor_mlp
2025-08-29 05:01:12,578 - src.core.trainer - INFO - Created critic network: critic_mlp
2025-08-29 05:01:12,578 - src.core.trainer - INFO - Initializing algorithm...
2025-08-29 05:01:13,153 - src.core.trainer - INFO - Created algorithm: ppo
2025-08-29 05:01:13,154 - src.core.trainer - INFO - Initializing buffer...
2025-08-29 05:01:13,154 - src.core.trainer - INFO - Created buffer: trajectory
2025-08-29 05:01:13,156 - src.environments.gym_wrapper - INFO - Seed will be applied on next reset: 42
2025-08-29 05:01:13,156 - src.core.trainer - INFO - Random seeds set to 42
2025-08-29 05:01:13,156 - src.core.trainer - INFO - All components initialized successfully
2025-08-29 05:01:13,157 - src.utils.checkpoint - INFO - Checkpoint manager initialized at experiments/ppo_pendulum_first_try_20250829_050112/checkpoints
2025-08-29 05:01:13,158 - src.utils.logger - INFO - TensorBoard logging enabled: experiments/ppo_pendulum_first_try_20250829_050112/tensorboard
2025-08-29 05:01:13,158 - src.utils.logger - INFO - Experiment logger initialized: experiments/ppo_pendulum_first_try_20250829_050112
2025-08-29 05:01:13,158 - src.utils.checkpoint - INFO - No checkpoint found to load
2025-08-29 05:01:13,158 - src.core.trainer - INFO - No checkpoint found, starting from scratch
2025-08-29 05:01:13,158 - src.core.trainer - INFO - Trainer initialized for experiment: ppo_pendulum_first_try
2025-08-29 05:01:13,158 - src.core.trainer - INFO - Experiment directory: experiments/ppo_pendulum_first_try_20250829_050112
2025-08-29 05:01:13,160 - src.utils.config - INFO - Configuration saved to experiments/ppo_pendulum_first_try_20250829_050112/configs/config.yaml
2025-08-29 05:01:13,170 - src.core.trainer - INFO - Experiment config saved to experiments/ppo_pendulum_first_try_20250829_050112/configs/config.yaml
2025-08-29 05:01:13,171 - __main__ - INFO - Experiment directory: experiments/ppo_pendulum_first_try_20250829_050112
2025-08-29 05:01:13,171 - __main__ - INFO - Configuration hash: f8775fe0
2025-08-29 05:01:13,171 - __main__ - INFO - Starting training loop...
2025-08-29 05:01:13,171 - src.core.trainer - INFO - Starting training...
2025-08-29 05:01:13,171 - src.core.trainer - INFO - Target steps: 100000
2025-08-29 05:01:13,171 - src.core.trainer - INFO - Evaluation frequency: 10000
2025-08-29 05:01:13,171 - src.core.trainer - INFO - Checkpoint frequency: 25000
2025-08-29 05:01:13,306 - src.core.trainer - ERROR - Training failed: [Errno 32] Broken pipe
2025-08-29 05:01:13,311 - src.utils.checkpoint - INFO - Checkpoint saved: experiments/ppo_pendulum_first_try_20250829_050112/checkpoints/error.pt (step 230)
2025-08-29 05:01:13,311 - src.core.trainer - INFO - Emergency checkpoint saved
2025-08-29 05:01:13,312 - src.utils.logger - INFO - TensorBoard writer closed
2025-08-29 05:01:13,312 - __main__ - ERROR - Training failed: [Errno 32] Broken pipe
2025-08-29 05:01:13,312 - src.core.trainer - INFO - Trainer cleanup completed
