2025-08-28 12:07:37,651 - src.core.trainer - INFO - Logging setup complete. Log file: experiments/ppo_cartpole_homework_20250828_120737/logs/training.log
2025-08-28 12:07:37,653 - src.utils.registry - INFO - Registered network: mlp -> MLP
2025-08-28 12:07:37,653 - src.utils.registry - INFO - Registered network: actor_mlp -> ActorMLP
2025-08-28 12:07:37,653 - src.utils.registry - INFO - Registered network: critic_mlp -> CriticMLP
2025-08-28 12:07:37,653 - src.utils.registry - INFO - Registered network: dueling_mlp -> DuelingMLP
2025-08-28 12:07:37,653 - src.utils.registry - INFO - Registered algorithm: ppo -> PPOAlgorithm
2025-08-28 12:07:37,653 - src.utils.registry - INFO - Registered algorithm: random -> RandomAgent
2025-08-28 12:07:37,656 - src.utils.registry - INFO - Registered environment: gym -> GymWrapper
2025-08-28 12:07:37,657 - src.utils.registry - INFO - Registered buffer: trajectory -> TrajectoryBuffer
2025-08-28 12:07:37,657 - src.core.trainer - INFO - Initializing environment...
2025-08-28 12:07:37,699 - src.environments.gym_wrapper - INFO - Created Gym environment: CartPole-v1
2025-08-28 12:07:37,699 - src.core.trainer - INFO - Environment: CartPole-v1
2025-08-28 12:07:37,699 - src.core.trainer - INFO - Observation space: (4,)
2025-08-28 12:07:37,699 - src.core.trainer - INFO - Action space: (np.int64(2),), discrete: True
2025-08-28 12:07:37,699 - src.core.trainer - INFO - Initializing networks...
2025-08-28 12:07:37,729 - src.core.trainer - INFO - Created actor network: actor_mlp
2025-08-28 12:07:37,730 - src.core.trainer - INFO - Created critic network: critic_mlp
2025-08-28 12:07:37,730 - src.core.trainer - INFO - Initializing algorithm...
2025-08-28 12:07:38,292 - src.core.trainer - INFO - Created algorithm: ppo
2025-08-28 12:07:38,293 - src.core.trainer - INFO - Initializing buffer...
2025-08-28 12:07:38,293 - src.core.trainer - INFO - Created buffer: trajectory
2025-08-28 12:07:38,295 - src.environments.gym_wrapper - INFO - Seed will be applied on next reset: 42
2025-08-28 12:07:38,295 - src.core.trainer - INFO - Random seeds set to 42
2025-08-28 12:07:38,295 - src.core.trainer - INFO - All components initialized successfully
2025-08-28 12:07:38,295 - src.utils.checkpoint - INFO - Checkpoint manager initialized at experiments/ppo_cartpole_homework_20250828_120737/checkpoints
2025-08-28 12:07:38,297 - src.utils.logger - INFO - TensorBoard logging enabled: experiments/ppo_cartpole_homework_20250828_120737/tensorboard
2025-08-28 12:07:41,103 - src.utils.logger - INFO - W&B logging enabled: https://wandb.ai/adarshgoel-rl-lab/rl-lab-homework/runs/dannm9si
2025-08-28 12:07:41,103 - src.utils.logger - INFO - Experiment logger initialized: experiments/ppo_cartpole_homework_20250828_120737
2025-08-28 12:07:41,103 - src.utils.checkpoint - INFO - No checkpoint found to load
2025-08-28 12:07:41,103 - src.core.trainer - INFO - No checkpoint found, starting from scratch
2025-08-28 12:07:41,103 - src.core.trainer - INFO - Trainer initialized for experiment: ppo_cartpole_homework
2025-08-28 12:07:41,103 - src.core.trainer - INFO - Experiment directory: experiments/ppo_cartpole_homework_20250828_120737
2025-08-28 12:07:41,105 - src.utils.config - INFO - Configuration saved to experiments/ppo_cartpole_homework_20250828_120737/configs/config.yaml
2025-08-28 12:07:41,115 - src.core.trainer - INFO - Experiment config saved to experiments/ppo_cartpole_homework_20250828_120737/configs/config.yaml
2025-08-28 12:07:41,116 - __main__ - INFO - Experiment directory: experiments/ppo_cartpole_homework_20250828_120737
2025-08-28 12:07:41,116 - __main__ - INFO - Configuration hash: 54cb79bf
2025-08-28 12:07:41,116 - __main__ - INFO - Starting training loop...
2025-08-28 12:07:41,116 - src.core.trainer - INFO - Starting training...
2025-08-28 12:07:41,116 - src.core.trainer - INFO - Target steps: 5000
2025-08-28 12:07:41,116 - src.core.trainer - INFO - Evaluation frequency: 5000
2025-08-28 12:07:41,116 - src.core.trainer - INFO - Checkpoint frequency: 10000
2025-08-28 12:07:42,136 - src.core.trainer - INFO - Running evaluation at step 5000
2025-08-28 12:07:42,228 - src.core.trainer - INFO - Evaluation complete - Mean return: 146.70
2025-08-28 12:07:42,228 - src.utils.logger - INFO - Step 5000 | train/policy_loss: -0.0149 | train/value_loss: 326.9188 | train/entropy_loss: -0.6869 | train/total_loss: 163.4377 | train/grad_norm: 5.9183 | train/time_elapsed: 1.1116 | train/steps_per_second: 4497.9961
2025-08-28 12:07:42,229 - src.utils.logger - INFO - Step 5000 | eval/eval_step: 5000.0000 | eval/eval_episode_count: 10.0000 | eval/eval_return_mean: 146.7000 | eval/eval_return_std: 58.4706 | eval/eval_return_min: 82.0000 | eval/eval_return_max: 289.0000 | eval/eval_length_mean: 146.7000
2025-08-28 12:07:42,230 - src.core.trainer - INFO - Training completed, running final evaluation...
2025-08-28 12:07:42,230 - src.core.trainer - INFO - Running evaluation at step 5000
2025-08-28 12:07:42,324 - src.core.trainer - INFO - Evaluation complete - Mean return: 146.70
2025-08-28 12:07:42,328 - src.utils.checkpoint - INFO - Checkpoint saved: experiments/ppo_cartpole_homework_20250828_120737/checkpoints/final.pt (step 5000)
2025-08-28 12:07:42,329 - src.core.trainer - INFO - Final checkpoint saved: experiments/ppo_cartpole_homework_20250828_120737/checkpoints/final.pt
2025-08-28 12:07:42,329 - src.core.trainer - INFO - Training completed successfully in 1.2s
2025-08-28 12:07:42,334 - src.utils.logger - INFO - TensorBoard writer closed
2025-08-28 12:07:44,477 - src.utils.logger - INFO - W&B run finished
2025-08-28 12:07:44,477 - __main__ - INFO - Training completed successfully!
2025-08-28 12:07:44,477 - __main__ - INFO - Final results:
2025-08-28 12:07:44,477 - __main__ - INFO -   final_step: 5000.0000
2025-08-28 12:07:44,478 - __main__ - INFO -   training_time: 1.2125
2025-08-28 12:07:44,478 - __main__ - INFO -   steps_per_second: 4497.9961
2025-08-28 12:07:44,478 - __main__ - INFO -   policy_loss: -0.0149
2025-08-28 12:07:44,478 - __main__ - INFO -   value_loss: 326.9188
2025-08-28 12:07:44,478 - __main__ - INFO -   entropy_loss: -0.6869
2025-08-28 12:07:44,478 - __main__ - INFO -   total_loss: 163.4377
2025-08-28 12:07:44,478 - __main__ - INFO -   grad_norm: 5.9183
2025-08-28 12:07:44,478 - __main__ - INFO -   eval_step: 5000.0000
2025-08-28 12:07:44,478 - __main__ - INFO -   eval_episode_count: 10.0000
2025-08-28 12:07:44,478 - __main__ - INFO -   eval_return_mean: 146.7000
2025-08-28 12:07:44,478 - __main__ - INFO -   eval_return_std: 58.4706
2025-08-28 12:07:44,478 - __main__ - INFO -   eval_return_min: 82.0000
2025-08-28 12:07:44,478 - __main__ - INFO -   eval_return_max: 289.0000
2025-08-28 12:07:44,478 - __main__ - INFO -   eval_length_mean: 146.7000
2025-08-28 12:07:44,478 - __main__ - INFO -   time_elapsed: 1.1116
2025-08-28 12:07:44,478 - src.core.trainer - INFO - Trainer cleanup completed
