2025-08-28 23:06:54,104 - src.core.trainer - INFO - Logging setup complete. Log file: experiments/ppo_cartpole_homework_20250828_230654/logs/training.log
2025-08-28 23:06:54,106 - src.utils.registry - INFO - Registered network: mlp -> MLP
2025-08-28 23:06:54,106 - src.utils.registry - INFO - Registered network: actor_mlp -> ActorMLP
2025-08-28 23:06:54,106 - src.utils.registry - INFO - Registered network: critic_mlp -> CriticMLP
2025-08-28 23:06:54,106 - src.utils.registry - INFO - Registered network: dueling_mlp -> DuelingMLP
2025-08-28 23:06:54,106 - src.utils.registry - INFO - Registered algorithm: ppo -> PPOAlgorithm
2025-08-28 23:06:54,107 - src.utils.registry - INFO - Registered algorithm: random -> RandomAgent
2025-08-28 23:06:54,109 - src.utils.registry - INFO - Registered environment: gym -> GymWrapper
2025-08-28 23:06:54,110 - src.utils.registry - INFO - Registered buffer: trajectory -> TrajectoryBuffer
2025-08-28 23:06:54,110 - src.core.trainer - INFO - Initializing environment...
2025-08-28 23:06:54,192 - src.environments.gym_wrapper - INFO - Created Gym environment: CartPole-v1
2025-08-28 23:06:54,192 - src.core.trainer - INFO - Environment: CartPole-v1
2025-08-28 23:06:54,192 - src.core.trainer - INFO - Observation space: (4,)
2025-08-28 23:06:54,192 - src.core.trainer - INFO - Action space: (np.int64(2),), discrete: True
2025-08-28 23:06:54,192 - src.core.trainer - INFO - Initializing networks...
2025-08-28 23:06:54,221 - src.core.trainer - INFO - Created actor network: actor_mlp
2025-08-28 23:06:54,221 - src.core.trainer - INFO - Created critic network: critic_mlp
2025-08-28 23:06:54,221 - src.core.trainer - INFO - Initializing algorithm...
2025-08-28 23:06:54,812 - src.core.trainer - INFO - Created algorithm: ppo
2025-08-28 23:06:54,812 - src.core.trainer - INFO - Initializing buffer...
2025-08-28 23:06:54,812 - src.core.trainer - INFO - Created buffer: trajectory
2025-08-28 23:06:54,815 - src.environments.gym_wrapper - INFO - Seed will be applied on next reset: 42
2025-08-28 23:06:54,815 - src.core.trainer - INFO - Random seeds set to 42
2025-08-28 23:06:54,815 - src.core.trainer - INFO - All components initialized successfully
2025-08-28 23:06:54,815 - src.utils.checkpoint - INFO - Checkpoint manager initialized at experiments/ppo_cartpole_homework_20250828_230654/checkpoints
2025-08-28 23:06:54,817 - src.utils.logger - INFO - TensorBoard logging enabled: experiments/ppo_cartpole_homework_20250828_230654/tensorboard
2025-08-28 23:06:56,831 - src.utils.logger - INFO - W&B logging enabled: https://wandb.ai/adarshgoel-rl-lab/rl-lab-homework/runs/zln5jqfk
2025-08-28 23:06:56,831 - src.utils.logger - INFO - Experiment logger initialized: experiments/ppo_cartpole_homework_20250828_230654
2025-08-28 23:06:56,831 - src.utils.checkpoint - INFO - No checkpoint found to load
2025-08-28 23:06:56,831 - src.core.trainer - INFO - No checkpoint found, starting from scratch
2025-08-28 23:06:56,832 - src.core.trainer - INFO - Trainer initialized for experiment: ppo_cartpole_homework
2025-08-28 23:06:56,832 - src.core.trainer - INFO - Experiment directory: experiments/ppo_cartpole_homework_20250828_230654
2025-08-28 23:06:56,834 - src.utils.config - INFO - Configuration saved to experiments/ppo_cartpole_homework_20250828_230654/configs/config.yaml
2025-08-28 23:06:56,843 - src.core.trainer - INFO - Experiment config saved to experiments/ppo_cartpole_homework_20250828_230654/configs/config.yaml
2025-08-28 23:06:56,844 - __main__ - INFO - Experiment directory: experiments/ppo_cartpole_homework_20250828_230654
2025-08-28 23:06:56,844 - __main__ - INFO - Configuration hash: 027067c0
2025-08-28 23:06:56,844 - __main__ - INFO - Starting training loop...
2025-08-28 23:06:56,844 - src.core.trainer - INFO - Starting training...
2025-08-28 23:06:56,844 - src.core.trainer - INFO - Target steps: 25000
2025-08-28 23:06:56,844 - src.core.trainer - INFO - Evaluation frequency: 5000
2025-08-28 23:06:56,844 - src.core.trainer - INFO - Checkpoint frequency: 10000
2025-08-28 23:06:59,011 - src.utils.checkpoint - INFO - Checkpoint saved: experiments/ppo_cartpole_homework_20250828_230654/checkpoints/auto_step_10240.pt (step 10240)
2025-08-28 23:06:59,012 - src.core.trainer - INFO - Auto-saved checkpoint at step 10240
2025-08-28 23:07:01,046 - src.utils.checkpoint - INFO - Checkpoint saved: experiments/ppo_cartpole_homework_20250828_230654/checkpoints/auto_step_20480.pt (step 20480)
2025-08-28 23:07:01,047 - src.core.trainer - INFO - Auto-saved checkpoint at step 20480
2025-08-28 23:07:01,881 - src.core.trainer - INFO - Running evaluation at step 25000
2025-08-28 23:07:02,167 - src.core.trainer - INFO - Evaluation complete - Mean return: 444.10
2025-08-28 23:07:02,167 - src.utils.logger - INFO - Step 25000 | train/policy_loss: -0.0018 | train/value_loss: 2937.1364 | train/entropy_loss: -0.5939 | train/total_loss: 1468.5604 | train/grad_norm: 16.4884 | train/time_elapsed: 5.3228 | train/steps_per_second: 4696.7806
2025-08-28 23:07:02,168 - src.utils.logger - INFO - Step 25000 | eval/eval_step: 25000.0000 | eval/eval_episode_count: 10.0000 | eval/eval_return_mean: 444.1000 | eval/eval_return_std: 90.1515 | eval/eval_return_min: 268.0000 | eval/eval_return_max: 500.0000 | eval/eval_length_mean: 444.1000
2025-08-28 23:07:02,169 - src.core.trainer - INFO - Training completed, running final evaluation...
2025-08-28 23:07:02,169 - src.core.trainer - INFO - Running evaluation at step 25000
2025-08-28 23:07:02,442 - src.core.trainer - INFO - Evaluation complete - Mean return: 444.10
2025-08-28 23:07:02,445 - src.utils.checkpoint - INFO - Checkpoint saved: experiments/ppo_cartpole_homework_20250828_230654/checkpoints/final.pt (step 25000)
2025-08-28 23:07:02,445 - src.core.trainer - INFO - Final checkpoint saved: experiments/ppo_cartpole_homework_20250828_230654/checkpoints/final.pt
2025-08-28 23:07:02,445 - src.core.trainer - INFO - Training completed successfully in 5.6s
2025-08-28 23:07:02,452 - src.utils.logger - INFO - TensorBoard writer closed
2025-08-28 23:07:04,606 - src.utils.logger - INFO - W&B run finished
2025-08-28 23:07:04,606 - __main__ - INFO - Training completed successfully!
2025-08-28 23:07:04,606 - __main__ - INFO - Final results:
2025-08-28 23:07:04,606 - __main__ - INFO -   final_step: 25000.0000
2025-08-28 23:07:04,606 - __main__ - INFO -   training_time: 5.6011
2025-08-28 23:07:04,606 - __main__ - INFO -   steps_per_second: 4696.7806
2025-08-28 23:07:04,606 - __main__ - INFO -   policy_loss: -0.0018
2025-08-28 23:07:04,606 - __main__ - INFO -   value_loss: 2937.1364
2025-08-28 23:07:04,610 - __main__ - INFO -   entropy_loss: -0.5939
2025-08-28 23:07:04,611 - __main__ - INFO -   total_loss: 1468.5604
2025-08-28 23:07:04,611 - __main__ - INFO -   grad_norm: 16.4884
2025-08-28 23:07:04,611 - __main__ - INFO -   eval_step: 25000.0000
2025-08-28 23:07:04,611 - __main__ - INFO -   eval_episode_count: 10.0000
2025-08-28 23:07:04,611 - __main__ - INFO -   eval_return_mean: 444.1000
2025-08-28 23:07:04,611 - __main__ - INFO -   eval_return_std: 90.1515
2025-08-28 23:07:04,611 - __main__ - INFO -   eval_return_min: 268.0000
2025-08-28 23:07:04,611 - __main__ - INFO -   eval_return_max: 500.0000
2025-08-28 23:07:04,611 - __main__ - INFO -   eval_length_mean: 444.1000
2025-08-28 23:07:04,611 - __main__ - INFO -   time_elapsed: 5.3228
2025-08-28 23:07:04,611 - src.core.trainer - INFO - Trainer cleanup completed
