2025-08-31 01:21:26,361 - src.core.trainer - INFO - Logging setup complete. Log file: experiments/ppo_pendulum_5M_20250831_012126/logs/training.log
2025-08-31 01:21:26,363 - src.utils.registry - INFO - Registered algorithm: ppo -> PPOAlgorithm
2025-08-31 01:21:26,363 - src.utils.registry - INFO - Registered algorithm: random -> RandomAgent
2025-08-31 01:21:26,365 - src.utils.registry - INFO - Registered network: mlp -> MLP
2025-08-31 01:21:26,365 - src.utils.registry - INFO - Registered network: actor_mlp -> ActorMLP
2025-08-31 01:21:26,365 - src.utils.registry - INFO - Registered network: critic_mlp -> CriticMLP
2025-08-31 01:21:26,365 - src.utils.registry - INFO - Registered network: continuous_actor_mlp -> ContinuousActorMLP
2025-08-31 01:21:26,365 - src.utils.registry - INFO - Registered network: dueling_mlp -> DuelingMLP
2025-08-31 01:21:26,366 - src.utils.registry - INFO - Registered environment: gym -> GymWrapper
2025-08-31 01:21:26,367 - src.utils.registry - INFO - Registered buffer: trajectory -> TrajectoryBuffer
2025-08-31 01:21:26,367 - src.core.trainer - INFO - Initializing environment...
2025-08-31 01:21:26,416 - src.environments.gym_wrapper - INFO - Created Gym environment: Pendulum-v1
2025-08-31 01:21:26,416 - src.core.trainer - INFO - Environment: Pendulum-v1
2025-08-31 01:21:26,416 - src.core.trainer - INFO - Observation space: (3,)
2025-08-31 01:21:26,416 - src.core.trainer - INFO - Action space: (1,), discrete: False
2025-08-31 01:21:26,416 - src.core.trainer - INFO - Initializing networks...
2025-08-31 01:21:26,457 - src.core.trainer - INFO - Created actor network: continuous_actor_mlp
2025-08-31 01:21:26,457 - src.core.trainer - INFO - Created critic network: critic_mlp
2025-08-31 01:21:26,457 - src.core.trainer - INFO - Initializing algorithm...
2025-08-31 01:21:27,023 - src.core.trainer - INFO - Created algorithm: ppo
2025-08-31 01:21:27,023 - src.core.trainer - INFO - Initializing buffer...
2025-08-31 01:21:27,023 - src.core.trainer - INFO - Created buffer: trajectory
2025-08-31 01:21:27,026 - src.environments.gym_wrapper - INFO - Seed will be applied on next reset: 42
2025-08-31 01:21:27,026 - src.core.trainer - INFO - Random seeds set to 42
2025-08-31 01:21:27,026 - src.core.trainer - INFO - All components initialized successfully
2025-08-31 01:21:27,026 - src.utils.checkpoint - INFO - Checkpoint manager initialized at experiments/ppo_pendulum_5M_20250831_012126/checkpoints
2025-08-31 01:21:27,027 - src.utils.logger - INFO - TensorBoard logging enabled: experiments/ppo_pendulum_5M_20250831_012126/tensorboard
2025-08-31 01:21:27,027 - src.utils.logger - INFO - Experiment logger initialized: experiments/ppo_pendulum_5M_20250831_012126
2025-08-31 01:21:27,027 - src.utils.checkpoint - INFO - No checkpoint found to load
2025-08-31 01:21:27,027 - src.core.trainer - INFO - No checkpoint found, starting from scratch
2025-08-31 01:21:27,027 - src.core.trainer - INFO - Trainer initialized for experiment: ppo_pendulum_5M
2025-08-31 01:21:27,027 - src.core.trainer - INFO - Experiment directory: experiments/ppo_pendulum_5M_20250831_012126
2025-08-31 01:21:27,029 - src.utils.config - INFO - Configuration saved to experiments/ppo_pendulum_5M_20250831_012126/configs/config.yaml
2025-08-31 01:21:27,039 - src.core.trainer - INFO - Experiment config saved to experiments/ppo_pendulum_5M_20250831_012126/configs/config.yaml
2025-08-31 01:21:27,039 - __main__ - INFO - Experiment directory: experiments/ppo_pendulum_5M_20250831_012126
2025-08-31 01:21:27,039 - __main__ - INFO - Configuration hash: c3c3d5d7
2025-08-31 01:21:27,039 - __main__ - INFO - Starting training loop...
2025-08-31 01:21:27,039 - src.core.trainer - INFO - Starting training...
2025-08-31 01:21:27,040 - src.core.trainer - INFO - Target steps: 5000000
2025-08-31 01:21:27,040 - src.core.trainer - INFO - Evaluation frequency: 50000
2025-08-31 01:21:27,040 - src.core.trainer - INFO - Checkpoint frequency: 250000
2025-08-31 01:22:36,185 - src.utils.checkpoint - INFO - Checkpoint saved: experiments/ppo_pendulum_5M_20250831_012126/checkpoints/auto_step_251904.pt (step 251904)
2025-08-31 01:22:36,186 - src.core.trainer - INFO - Auto-saved checkpoint at step 251904
2025-08-31 01:23:47,352 - src.utils.checkpoint - INFO - Checkpoint saved: experiments/ppo_pendulum_5M_20250831_012126/checkpoints/auto_step_503808.pt (step 503808)
2025-08-31 01:23:47,353 - src.core.trainer - INFO - Auto-saved checkpoint at step 503808
2025-08-31 01:24:59,540 - src.utils.checkpoint - INFO - Checkpoint saved: experiments/ppo_pendulum_5M_20250831_012126/checkpoints/auto_step_755712.pt (step 755712)
2025-08-31 01:24:59,541 - src.core.trainer - INFO - Auto-saved checkpoint at step 755712
