2025-08-28 11:27:33,404 - src.core.trainer - INFO - Logging setup complete. Log file: experiments/ppo_cartpole_homework_20250828_112733/logs/training.log
2025-08-28 11:27:33,406 - src.utils.registry - INFO - Registered network: mlp -> MLP
2025-08-28 11:27:33,406 - src.utils.registry - INFO - Registered network: actor_mlp -> ActorMLP
2025-08-28 11:27:33,406 - src.utils.registry - INFO - Registered network: critic_mlp -> CriticMLP
2025-08-28 11:27:33,406 - src.utils.registry - INFO - Registered network: dueling_mlp -> DuelingMLP
2025-08-28 11:27:33,407 - src.utils.registry - INFO - Registered algorithm: ppo -> PPOAlgorithm
2025-08-28 11:27:33,407 - src.utils.registry - INFO - Registered algorithm: random -> RandomAgent
2025-08-28 11:27:33,409 - src.utils.registry - INFO - Registered environment: gym -> GymWrapper
2025-08-28 11:27:33,410 - src.utils.registry - INFO - Registered buffer: trajectory -> TrajectoryBuffer
2025-08-28 11:27:33,410 - src.core.trainer - INFO - Initializing environment...
2025-08-28 11:27:33,454 - src.environments.gym_wrapper - INFO - Created Gym environment: CartPole-v1
2025-08-28 11:27:33,454 - src.core.trainer - INFO - Environment: CartPole-v1
2025-08-28 11:27:33,454 - src.core.trainer - INFO - Observation space: (4,)
2025-08-28 11:27:33,454 - src.core.trainer - INFO - Action space: (np.int64(2),), discrete: True
2025-08-28 11:27:33,455 - src.core.trainer - INFO - Initializing networks...
2025-08-28 11:27:33,478 - src.core.trainer - INFO - Created actor network: actor_mlp
2025-08-28 11:27:33,479 - src.core.trainer - INFO - Created critic network: critic_mlp
2025-08-28 11:27:33,479 - src.core.trainer - INFO - Initializing algorithm...
2025-08-28 11:27:34,016 - src.core.trainer - INFO - Created algorithm: ppo
2025-08-28 11:27:34,016 - src.core.trainer - INFO - Initializing buffer...
2025-08-28 11:27:34,016 - src.core.trainer - INFO - Created buffer: trajectory
2025-08-28 11:27:34,018 - src.environments.gym_wrapper - INFO - Seed will be applied on next reset: 42
2025-08-28 11:27:34,018 - src.core.trainer - INFO - Random seeds set to 42
2025-08-28 11:27:34,018 - src.core.trainer - INFO - All components initialized successfully
2025-08-28 11:27:34,018 - src.utils.checkpoint - INFO - Checkpoint manager initialized at experiments/ppo_cartpole_homework_20250828_112733/checkpoints
2025-08-28 11:27:34,018 - src.utils.checkpoint - INFO - No checkpoint found to load
2025-08-28 11:27:34,018 - src.core.trainer - INFO - No checkpoint found, starting from scratch
2025-08-28 11:27:34,018 - src.core.trainer - INFO - Trainer initialized for experiment: ppo_cartpole_homework
2025-08-28 11:27:34,018 - src.core.trainer - INFO - Experiment directory: experiments/ppo_cartpole_homework_20250828_112733
2025-08-28 11:27:34,020 - src.utils.config - INFO - Configuration saved to experiments/ppo_cartpole_homework_20250828_112733/configs/config.yaml
2025-08-28 11:27:34,029 - src.core.trainer - INFO - Experiment config saved to experiments/ppo_cartpole_homework_20250828_112733/configs/config.yaml
2025-08-28 11:27:34,029 - __main__ - INFO - Experiment directory: experiments/ppo_cartpole_homework_20250828_112733
2025-08-28 11:27:34,029 - __main__ - INFO - Configuration hash: 027067c0
2025-08-28 11:27:34,029 - __main__ - INFO - Starting training loop...
2025-08-28 11:27:34,029 - src.core.trainer - INFO - Starting training...
2025-08-28 11:27:34,029 - src.core.trainer - INFO - Target steps: 25000
2025-08-28 11:27:34,029 - src.core.trainer - INFO - Evaluation frequency: 5000
2025-08-28 11:27:34,029 - src.core.trainer - INFO - Checkpoint frequency: 10000
2025-08-28 11:27:34,333 - src.core.trainer - ERROR - Training failed: 'old_log_probs'
2025-08-28 11:27:34,337 - src.utils.checkpoint - INFO - Checkpoint saved: experiments/ppo_cartpole_homework_20250828_112733/checkpoints/error.pt (step 2048)
2025-08-28 11:27:34,338 - src.core.trainer - INFO - Emergency checkpoint saved
2025-08-28 11:27:34,338 - __main__ - ERROR - Training failed: 'old_log_probs'
2025-08-28 11:27:34,338 - src.core.trainer - INFO - Trainer cleanup completed
