2025-08-29 05:42:15,131 - src.core.trainer - INFO - Logging setup complete. Log file: experiments/ppo_pendulum_first_try_20250829_054215/logs/training.log
2025-08-29 05:42:15,136 - src.utils.registry - INFO - Registered network: mlp -> MLP
2025-08-29 05:42:15,136 - src.utils.registry - INFO - Registered network: actor_mlp -> ActorMLP
2025-08-29 05:42:15,136 - src.utils.registry - INFO - Registered network: critic_mlp -> CriticMLP
2025-08-29 05:42:15,136 - src.utils.registry - INFO - Registered network: continuous_actor_mlp -> ContinuousActorMLP
2025-08-29 05:42:15,136 - src.utils.registry - INFO - Registered network: dueling_mlp -> DuelingMLP
2025-08-29 05:42:15,136 - src.utils.registry - INFO - Registered algorithm: ppo -> PPOAlgorithm
2025-08-29 05:42:15,136 - src.utils.registry - INFO - Registered algorithm: random -> RandomAgent
2025-08-29 05:42:15,138 - src.utils.registry - INFO - Registered environment: gym -> GymWrapper
2025-08-29 05:42:15,139 - src.utils.registry - INFO - Registered buffer: trajectory -> TrajectoryBuffer
2025-08-29 05:42:15,139 - src.core.trainer - INFO - Initializing environment...
2025-08-29 05:42:15,191 - src.environments.gym_wrapper - INFO - Created Gym environment: Pendulum-v1
2025-08-29 05:42:15,191 - src.core.trainer - INFO - Environment: Pendulum-v1
2025-08-29 05:42:15,191 - src.core.trainer - INFO - Observation space: (3,)
2025-08-29 05:42:15,191 - src.core.trainer - INFO - Action space: (1,), discrete: False
2025-08-29 05:42:15,191 - src.core.trainer - INFO - Initializing networks...
2025-08-29 05:42:15,229 - src.core.trainer - INFO - Created actor network: continuous_actor_mlp
2025-08-29 05:42:15,230 - src.core.trainer - INFO - Created critic network: critic_mlp
2025-08-29 05:42:15,230 - src.core.trainer - INFO - Initializing algorithm...
2025-08-29 05:42:15,845 - src.core.trainer - INFO - Created algorithm: ppo
2025-08-29 05:42:15,845 - src.core.trainer - INFO - Initializing buffer...
2025-08-29 05:42:15,845 - src.core.trainer - INFO - Created buffer: trajectory
2025-08-29 05:42:15,848 - src.environments.gym_wrapper - INFO - Seed will be applied on next reset: 42
2025-08-29 05:42:15,848 - src.core.trainer - INFO - Random seeds set to 42
2025-08-29 05:42:15,848 - src.core.trainer - INFO - All components initialized successfully
2025-08-29 05:42:15,848 - src.utils.checkpoint - INFO - Checkpoint manager initialized at experiments/ppo_pendulum_first_try_20250829_054215/checkpoints
2025-08-29 05:42:15,849 - src.utils.logger - INFO - TensorBoard logging enabled: experiments/ppo_pendulum_first_try_20250829_054215/tensorboard
2025-08-29 05:42:15,849 - src.utils.logger - INFO - Experiment logger initialized: experiments/ppo_pendulum_first_try_20250829_054215
2025-08-29 05:42:15,849 - src.utils.checkpoint - INFO - No checkpoint found to load
2025-08-29 05:42:15,849 - src.core.trainer - INFO - No checkpoint found, starting from scratch
2025-08-29 05:42:15,849 - src.core.trainer - INFO - Trainer initialized for experiment: ppo_pendulum_first_try
2025-08-29 05:42:15,849 - src.core.trainer - INFO - Experiment directory: experiments/ppo_pendulum_first_try_20250829_054215
2025-08-29 05:42:15,851 - src.utils.config - INFO - Configuration saved to experiments/ppo_pendulum_first_try_20250829_054215/configs/config.yaml
2025-08-29 05:42:15,861 - src.core.trainer - INFO - Experiment config saved to experiments/ppo_pendulum_first_try_20250829_054215/configs/config.yaml
2025-08-29 05:42:15,861 - __main__ - INFO - Experiment directory: experiments/ppo_pendulum_first_try_20250829_054215
2025-08-29 05:42:15,861 - __main__ - INFO - Configuration hash: f8775fe0
2025-08-29 05:42:15,861 - __main__ - INFO - Starting training loop...
2025-08-29 05:42:15,861 - src.core.trainer - INFO - Starting training...
2025-08-29 05:42:15,861 - src.core.trainer - INFO - Target steps: 100000
2025-08-29 05:42:15,861 - src.core.trainer - INFO - Evaluation frequency: 10000
2025-08-29 05:42:15,861 - src.core.trainer - INFO - Checkpoint frequency: 25000
2025-08-29 05:42:21,981 - src.utils.checkpoint - INFO - Checkpoint saved: experiments/ppo_pendulum_first_try_20250829_054215/checkpoints/auto_step_26624.pt (step 26624)
2025-08-29 05:42:21,982 - src.core.trainer - INFO - Auto-saved checkpoint at step 26624
2025-08-29 05:42:27,926 - src.utils.checkpoint - INFO - Checkpoint saved: experiments/ppo_pendulum_first_try_20250829_054215/checkpoints/auto_step_53248.pt (step 53248)
2025-08-29 05:42:27,927 - src.core.trainer - INFO - Auto-saved checkpoint at step 53248
2025-08-29 05:42:34,096 - src.utils.checkpoint - INFO - Checkpoint saved: experiments/ppo_pendulum_first_try_20250829_054215/checkpoints/auto_step_79872.pt (step 79872)
2025-08-29 05:42:34,096 - src.core.trainer - INFO - Auto-saved checkpoint at step 79872
2025-08-29 05:42:38,559 - src.core.trainer - INFO - Running evaluation at step 100000
2025-08-29 05:42:38,736 - src.core.trainer - INFO - Evaluation complete - Mean return: -1082.15
2025-08-29 05:42:38,736 - src.utils.logger - INFO - Step 100000 | train/policy_loss: -0.0011 | train/value_loss: 77897.2211 | train/entropy_loss: -0.4312 | train/total_loss: 38948.6057 | train/grad_norm: 48.9457 | train/time_elapsed: 22.8751 | train/steps_per_second: 4371.5717
2025-08-29 05:42:38,737 - src.utils.logger - INFO - Step 100000 | eval/eval_step: 100000.0000 | eval/eval_episode_count: 10.0000 | eval/eval_return_mean: -1082.1476 | eval/eval_return_std: 137.7990 | eval/eval_return_min: -1298.5760 | eval/eval_return_max: -855.8420 | eval/eval_length_mean: 200.0000
2025-08-29 05:42:38,738 - src.core.trainer - INFO - Training completed, running final evaluation...
2025-08-29 05:42:38,738 - src.core.trainer - INFO - Running evaluation at step 100000
2025-08-29 05:42:38,906 - src.core.trainer - INFO - Evaluation complete - Mean return: -1082.15
2025-08-29 05:42:38,910 - src.utils.checkpoint - INFO - Checkpoint saved: experiments/ppo_pendulum_first_try_20250829_054215/checkpoints/final.pt (step 100000)
2025-08-29 05:42:38,910 - src.core.trainer - INFO - Final checkpoint saved: experiments/ppo_pendulum_first_try_20250829_054215/checkpoints/final.pt
2025-08-29 05:42:38,910 - src.core.trainer - INFO - Training completed successfully in 23.0s
2025-08-29 05:42:38,915 - src.utils.logger - INFO - TensorBoard writer closed
2025-08-29 05:42:38,915 - __main__ - INFO - Training completed successfully!
2025-08-29 05:42:38,915 - __main__ - INFO - Final results:
2025-08-29 05:42:38,915 - __main__ - INFO -   final_step: 100000.0000
2025-08-29 05:42:38,915 - __main__ - INFO -   training_time: 23.0490
2025-08-29 05:42:38,915 - __main__ - INFO -   steps_per_second: 4371.5717
2025-08-29 05:42:38,916 - __main__ - INFO -   policy_loss: -0.0011
2025-08-29 05:42:38,916 - __main__ - INFO -   value_loss: 77897.2211
2025-08-29 05:42:38,916 - __main__ - INFO -   entropy_loss: -0.4312
2025-08-29 05:42:38,916 - __main__ - INFO -   total_loss: 38948.6057
2025-08-29 05:42:38,916 - __main__ - INFO -   grad_norm: 48.9457
2025-08-29 05:42:38,916 - __main__ - INFO -   eval_step: 100000.0000
2025-08-29 05:42:38,916 - __main__ - INFO -   eval_episode_count: 10.0000
2025-08-29 05:42:38,916 - __main__ - INFO -   eval_return_mean: -1082.1476
2025-08-29 05:42:38,916 - __main__ - INFO -   eval_return_std: 137.7990
2025-08-29 05:42:38,916 - __main__ - INFO -   eval_return_min: -1298.5760
2025-08-29 05:42:38,916 - __main__ - INFO -   eval_return_max: -855.8420
2025-08-29 05:42:38,916 - __main__ - INFO -   eval_length_mean: 200.0000
2025-08-29 05:42:38,916 - __main__ - INFO -   time_elapsed: 22.8751
2025-08-29 05:42:38,916 - src.core.trainer - INFO - Trainer cleanup completed
