2025-08-28 11:38:10,755 - src.core.trainer - INFO - Logging setup complete. Log file: experiments/ppo_cartpole_homework_20250828_113810/logs/training.log
2025-08-28 11:38:10,757 - src.utils.registry - INFO - Registered network: mlp -> MLP
2025-08-28 11:38:10,757 - src.utils.registry - INFO - Registered network: actor_mlp -> ActorMLP
2025-08-28 11:38:10,758 - src.utils.registry - INFO - Registered network: critic_mlp -> CriticMLP
2025-08-28 11:38:10,758 - src.utils.registry - INFO - Registered network: dueling_mlp -> DuelingMLP
2025-08-28 11:38:10,758 - src.utils.registry - INFO - Registered algorithm: ppo -> PPOAlgorithm
2025-08-28 11:38:10,758 - src.utils.registry - INFO - Registered algorithm: random -> RandomAgent
2025-08-28 11:38:10,760 - src.utils.registry - INFO - Registered environment: gym -> GymWrapper
2025-08-28 11:38:10,762 - src.utils.registry - INFO - Registered buffer: trajectory -> TrajectoryBuffer
2025-08-28 11:38:10,762 - src.core.trainer - INFO - Initializing environment...
2025-08-28 11:38:10,808 - src.environments.gym_wrapper - INFO - Created Gym environment: CartPole-v1
2025-08-28 11:38:10,808 - src.core.trainer - INFO - Environment: CartPole-v1
2025-08-28 11:38:10,808 - src.core.trainer - INFO - Observation space: (4,)
2025-08-28 11:38:10,808 - src.core.trainer - INFO - Action space: (np.int64(2),), discrete: True
2025-08-28 11:38:10,808 - src.core.trainer - INFO - Initializing networks...
2025-08-28 11:38:10,830 - src.core.trainer - INFO - Created actor network: actor_mlp
2025-08-28 11:38:10,831 - src.core.trainer - INFO - Created critic network: critic_mlp
2025-08-28 11:38:10,831 - src.core.trainer - INFO - Initializing algorithm...
2025-08-28 11:38:11,372 - src.core.trainer - INFO - Created algorithm: ppo
2025-08-28 11:38:11,372 - src.core.trainer - INFO - Initializing buffer...
2025-08-28 11:38:11,372 - src.core.trainer - INFO - Created buffer: trajectory
2025-08-28 11:38:11,374 - src.environments.gym_wrapper - INFO - Seed will be applied on next reset: 42
2025-08-28 11:38:11,374 - src.core.trainer - INFO - Random seeds set to 42
2025-08-28 11:38:11,374 - src.core.trainer - INFO - All components initialized successfully
2025-08-28 11:38:11,374 - src.utils.checkpoint - INFO - Checkpoint manager initialized at experiments/ppo_cartpole_homework_20250828_113810/checkpoints
2025-08-28 11:38:11,375 - src.utils.checkpoint - INFO - No checkpoint found to load
2025-08-28 11:38:11,375 - src.core.trainer - INFO - No checkpoint found, starting from scratch
2025-08-28 11:38:11,375 - src.core.trainer - INFO - Trainer initialized for experiment: ppo_cartpole_homework
2025-08-28 11:38:11,375 - src.core.trainer - INFO - Experiment directory: experiments/ppo_cartpole_homework_20250828_113810
2025-08-28 11:38:11,377 - src.utils.config - INFO - Configuration saved to experiments/ppo_cartpole_homework_20250828_113810/configs/config.yaml
2025-08-28 11:38:11,385 - src.core.trainer - INFO - Experiment config saved to experiments/ppo_cartpole_homework_20250828_113810/configs/config.yaml
2025-08-28 11:38:11,385 - __main__ - INFO - Experiment directory: experiments/ppo_cartpole_homework_20250828_113810
2025-08-28 11:38:11,385 - __main__ - INFO - Configuration hash: 54cb79bf
2025-08-28 11:38:11,385 - __main__ - INFO - Starting training loop...
2025-08-28 11:38:11,385 - src.core.trainer - INFO - Starting training...
2025-08-28 11:38:11,385 - src.core.trainer - INFO - Target steps: 5000
2025-08-28 11:38:11,385 - src.core.trainer - INFO - Evaluation frequency: 5000
2025-08-28 11:38:11,386 - src.core.trainer - INFO - Checkpoint frequency: 10000
2025-08-28 11:38:11,675 - src.core.trainer - ERROR - Training failed: 'advantages'
2025-08-28 11:38:11,678 - src.utils.checkpoint - INFO - Checkpoint saved: experiments/ppo_cartpole_homework_20250828_113810/checkpoints/error.pt (step 2048)
2025-08-28 11:38:11,678 - src.core.trainer - INFO - Emergency checkpoint saved
2025-08-28 11:38:11,679 - __main__ - ERROR - Training failed: 'advantages'
2025-08-28 11:38:11,679 - src.core.trainer - INFO - Trainer cleanup completed
