2025-08-31 00:55:44,578 - src.core.trainer - INFO - Logging setup complete. Log file: experiments/ppo_pendulum_long_training_20250831_005544/logs/training.log
2025-08-31 00:55:44,580 - src.utils.registry - INFO - Registered algorithm: ppo -> PPOAlgorithm
2025-08-31 00:55:44,580 - src.utils.registry - INFO - Registered algorithm: random -> RandomAgent
2025-08-31 00:55:44,581 - src.utils.registry - INFO - Registered network: mlp -> MLP
2025-08-31 00:55:44,581 - src.utils.registry - INFO - Registered network: actor_mlp -> ActorMLP
2025-08-31 00:55:44,581 - src.utils.registry - INFO - Registered network: critic_mlp -> CriticMLP
2025-08-31 00:55:44,581 - src.utils.registry - INFO - Registered network: continuous_actor_mlp -> ContinuousActorMLP
2025-08-31 00:55:44,581 - src.utils.registry - INFO - Registered network: dueling_mlp -> DuelingMLP
2025-08-31 00:55:44,583 - src.utils.registry - INFO - Registered environment: gym -> GymWrapper
2025-08-31 00:55:44,584 - src.utils.registry - INFO - Registered buffer: trajectory -> TrajectoryBuffer
2025-08-31 00:55:44,584 - src.core.trainer - INFO - Initializing environment...
2025-08-31 00:55:44,631 - src.environments.gym_wrapper - INFO - Created Gym environment: Pendulum-v1
2025-08-31 00:55:44,631 - src.core.trainer - INFO - Environment: Pendulum-v1
2025-08-31 00:55:44,631 - src.core.trainer - INFO - Observation space: (3,)
2025-08-31 00:55:44,631 - src.core.trainer - INFO - Action space: (1,), discrete: False
2025-08-31 00:55:44,631 - src.core.trainer - INFO - Initializing networks...
2025-08-31 00:55:44,709 - src.core.trainer - INFO - Created actor network: continuous_actor_mlp
2025-08-31 00:55:44,710 - src.core.trainer - INFO - Created critic network: critic_mlp
2025-08-31 00:55:44,711 - src.core.trainer - INFO - Initializing algorithm...
2025-08-31 00:55:45,281 - src.core.trainer - INFO - Created algorithm: ppo
2025-08-31 00:55:45,281 - src.core.trainer - INFO - Initializing buffer...
2025-08-31 00:55:45,281 - src.core.trainer - INFO - Created buffer: trajectory
2025-08-31 00:55:45,284 - src.environments.gym_wrapper - INFO - Seed will be applied on next reset: 42
2025-08-31 00:55:45,284 - src.core.trainer - INFO - Random seeds set to 42
2025-08-31 00:55:45,284 - src.core.trainer - INFO - All components initialized successfully
2025-08-31 00:55:45,285 - src.utils.checkpoint - INFO - Checkpoint manager initialized at experiments/ppo_pendulum_long_training_20250831_005544/checkpoints
2025-08-31 00:55:45,286 - src.utils.logger - INFO - TensorBoard logging enabled: experiments/ppo_pendulum_long_training_20250831_005544/tensorboard
2025-08-31 00:55:45,286 - src.utils.logger - INFO - Experiment logger initialized: experiments/ppo_pendulum_long_training_20250831_005544
2025-08-31 00:55:45,286 - src.utils.checkpoint - INFO - No checkpoint found to load
2025-08-31 00:55:45,286 - src.core.trainer - INFO - No checkpoint found, starting from scratch
2025-08-31 00:55:45,286 - src.core.trainer - INFO - Trainer initialized for experiment: ppo_pendulum_long_training
2025-08-31 00:55:45,286 - src.core.trainer - INFO - Experiment directory: experiments/ppo_pendulum_long_training_20250831_005544
2025-08-31 00:55:45,288 - src.utils.config - INFO - Configuration saved to experiments/ppo_pendulum_long_training_20250831_005544/configs/config.yaml
2025-08-31 00:55:45,297 - src.core.trainer - INFO - Experiment config saved to experiments/ppo_pendulum_long_training_20250831_005544/configs/config.yaml
2025-08-31 00:55:45,297 - __main__ - INFO - Experiment directory: experiments/ppo_pendulum_long_training_20250831_005544
2025-08-31 00:55:45,298 - __main__ - INFO - Configuration hash: a5382a29
2025-08-31 00:55:45,298 - __main__ - INFO - Starting training loop...
2025-08-31 00:55:45,298 - src.core.trainer - INFO - Starting training...
2025-08-31 00:55:45,298 - src.core.trainer - INFO - Target steps: 2000000
2025-08-31 00:55:45,298 - src.core.trainer - INFO - Evaluation frequency: 25000
2025-08-31 00:55:45,298 - src.core.trainer - INFO - Checkpoint frequency: 100000
