2025-08-31 00:59:06,150 - src.core.trainer - INFO - Logging setup complete. Log file: experiments/ppo_pendulum_long_training_20250831_005906/logs/training.log
2025-08-31 00:59:06,152 - src.utils.registry - INFO - Registered algorithm: ppo -> PPOAlgorithm
2025-08-31 00:59:06,152 - src.utils.registry - INFO - Registered algorithm: random -> RandomAgent
2025-08-31 00:59:06,153 - src.utils.registry - INFO - Registered network: mlp -> MLP
2025-08-31 00:59:06,153 - src.utils.registry - INFO - Registered network: actor_mlp -> ActorMLP
2025-08-31 00:59:06,153 - src.utils.registry - INFO - Registered network: critic_mlp -> CriticMLP
2025-08-31 00:59:06,153 - src.utils.registry - INFO - Registered network: continuous_actor_mlp -> ContinuousActorMLP
2025-08-31 00:59:06,153 - src.utils.registry - INFO - Registered network: dueling_mlp -> DuelingMLP
2025-08-31 00:59:06,155 - src.utils.registry - INFO - Registered environment: gym -> GymWrapper
2025-08-31 00:59:06,157 - src.utils.registry - INFO - Registered buffer: trajectory -> TrajectoryBuffer
2025-08-31 00:59:06,157 - src.core.trainer - INFO - Initializing environment...
2025-08-31 00:59:06,210 - src.environments.gym_wrapper - INFO - Created Gym environment: Pendulum-v1
2025-08-31 00:59:06,210 - src.core.trainer - INFO - Environment: Pendulum-v1
2025-08-31 00:59:06,210 - src.core.trainer - INFO - Observation space: (3,)
2025-08-31 00:59:06,210 - src.core.trainer - INFO - Action space: (1,), discrete: False
2025-08-31 00:59:06,210 - src.core.trainer - INFO - Initializing networks...
2025-08-31 00:59:06,279 - src.core.trainer - INFO - Created actor network: continuous_actor_mlp
2025-08-31 00:59:06,280 - src.core.trainer - INFO - Created critic network: critic_mlp
2025-08-31 00:59:06,280 - src.core.trainer - INFO - Initializing algorithm...
2025-08-31 00:59:06,828 - src.core.trainer - INFO - Created algorithm: ppo
2025-08-31 00:59:06,828 - src.core.trainer - INFO - Initializing buffer...
2025-08-31 00:59:06,828 - src.core.trainer - INFO - Created buffer: trajectory
2025-08-31 00:59:06,831 - src.environments.gym_wrapper - INFO - Seed will be applied on next reset: 42
2025-08-31 00:59:06,831 - src.core.trainer - INFO - Random seeds set to 42
2025-08-31 00:59:06,831 - src.core.trainer - INFO - All components initialized successfully
2025-08-31 00:59:06,831 - src.utils.checkpoint - INFO - Checkpoint manager initialized at experiments/ppo_pendulum_long_training_20250831_005906/checkpoints
2025-08-31 00:59:06,832 - src.utils.logger - INFO - TensorBoard logging enabled: experiments/ppo_pendulum_long_training_20250831_005906/tensorboard
2025-08-31 00:59:06,832 - src.utils.logger - INFO - Experiment logger initialized: experiments/ppo_pendulum_long_training_20250831_005906
2025-08-31 00:59:06,832 - src.utils.checkpoint - INFO - No checkpoint found to load
2025-08-31 00:59:06,832 - src.core.trainer - INFO - No checkpoint found, starting from scratch
2025-08-31 00:59:06,832 - src.core.trainer - INFO - Trainer initialized for experiment: ppo_pendulum_long_training
2025-08-31 00:59:06,832 - src.core.trainer - INFO - Experiment directory: experiments/ppo_pendulum_long_training_20250831_005906
2025-08-31 00:59:06,834 - src.utils.config - INFO - Configuration saved to experiments/ppo_pendulum_long_training_20250831_005906/configs/config.yaml
2025-08-31 00:59:06,849 - src.core.trainer - INFO - Experiment config saved to experiments/ppo_pendulum_long_training_20250831_005906/configs/config.yaml
2025-08-31 00:59:06,849 - __main__ - INFO - Experiment directory: experiments/ppo_pendulum_long_training_20250831_005906
2025-08-31 00:59:06,850 - __main__ - INFO - Configuration hash: a5382a29
2025-08-31 00:59:06,850 - __main__ - INFO - Starting training loop...
2025-08-31 00:59:06,850 - src.core.trainer - INFO - Starting training...
2025-08-31 00:59:06,850 - src.core.trainer - INFO - Target steps: 2000000
2025-08-31 00:59:06,850 - src.core.trainer - INFO - Evaluation frequency: 25000
2025-08-31 00:59:06,850 - src.core.trainer - INFO - Checkpoint frequency: 100000
2025-08-31 01:00:00,182 - src.core.trainer - INFO - Training interrupted by user
2025-08-31 01:00:00,202 - src.utils.checkpoint - INFO - Checkpoint saved: experiments/ppo_pendulum_long_training_20250831_005906/checkpoints/interrupted.pt (step 16384)
2025-08-31 01:00:00,202 - src.utils.logger - INFO - TensorBoard writer closed
2025-08-31 01:00:00,202 - __main__ - INFO - Training interrupted by user
2025-08-31 01:00:00,203 - src.core.trainer - INFO - Trainer cleanup completed
