2025-08-29 06:14:16,977 - src.core.trainer - INFO - Logging setup complete. Log file: experiments/ppo_pendulum_first_try_20250829_061416/logs/training.log
2025-08-29 06:14:16,981 - src.utils.registry - INFO - Registered algorithm: ppo -> PPOAlgorithm
2025-08-29 06:14:16,981 - src.utils.registry - INFO - Registered algorithm: random -> RandomAgent
2025-08-29 06:14:16,982 - src.utils.registry - INFO - Registered network: mlp -> MLP
2025-08-29 06:14:16,982 - src.utils.registry - INFO - Registered network: actor_mlp -> ActorMLP
2025-08-29 06:14:16,982 - src.utils.registry - INFO - Registered network: critic_mlp -> CriticMLP
2025-08-29 06:14:16,982 - src.utils.registry - INFO - Registered network: continuous_actor_mlp -> ContinuousActorMLP
2025-08-29 06:14:16,982 - src.utils.registry - INFO - Registered network: dueling_mlp -> DuelingMLP
2025-08-29 06:14:16,983 - src.utils.registry - INFO - Registered environment: gym -> GymWrapper
2025-08-29 06:14:16,984 - src.utils.registry - INFO - Registered buffer: trajectory -> TrajectoryBuffer
2025-08-29 06:14:16,984 - src.core.trainer - INFO - Initializing environment...
2025-08-29 06:14:17,036 - src.environments.gym_wrapper - INFO - Created Gym environment: Pendulum-v1
2025-08-29 06:14:17,036 - src.core.trainer - INFO - Environment: Pendulum-v1
2025-08-29 06:14:17,036 - src.core.trainer - INFO - Observation space: (3,)
2025-08-29 06:14:17,036 - src.core.trainer - INFO - Action space: (1,), discrete: False
2025-08-29 06:14:17,036 - src.core.trainer - INFO - Initializing networks...
2025-08-29 06:14:17,062 - src.core.trainer - INFO - Created actor network: continuous_actor_mlp
2025-08-29 06:14:17,062 - src.core.trainer - INFO - Created critic network: critic_mlp
2025-08-29 06:14:17,062 - src.core.trainer - INFO - Initializing algorithm...
2025-08-29 06:14:17,625 - src.core.trainer - INFO - Created algorithm: ppo
2025-08-29 06:14:17,625 - src.core.trainer - INFO - Initializing buffer...
2025-08-29 06:14:17,626 - src.core.trainer - INFO - Created buffer: trajectory
2025-08-29 06:14:17,628 - src.environments.gym_wrapper - INFO - Seed will be applied on next reset: 42
2025-08-29 06:14:17,628 - src.core.trainer - INFO - Random seeds set to 42
2025-08-29 06:14:17,628 - src.core.trainer - INFO - All components initialized successfully
2025-08-29 06:14:17,628 - src.utils.checkpoint - INFO - Checkpoint manager initialized at experiments/ppo_pendulum_first_try_20250829_061416/checkpoints
2025-08-29 06:14:17,629 - src.utils.logger - INFO - TensorBoard logging enabled: experiments/ppo_pendulum_first_try_20250829_061416/tensorboard
2025-08-29 06:14:17,629 - src.utils.logger - INFO - Experiment logger initialized: experiments/ppo_pendulum_first_try_20250829_061416
2025-08-29 06:14:17,630 - src.utils.checkpoint - INFO - No checkpoint found to load
2025-08-29 06:14:17,630 - src.core.trainer - INFO - No checkpoint found, starting from scratch
2025-08-29 06:14:17,630 - src.core.trainer - INFO - Trainer initialized for experiment: ppo_pendulum_first_try
2025-08-29 06:14:17,630 - src.core.trainer - INFO - Experiment directory: experiments/ppo_pendulum_first_try_20250829_061416
2025-08-29 06:14:17,631 - src.utils.config - INFO - Configuration saved to experiments/ppo_pendulum_first_try_20250829_061416/configs/config.yaml
2025-08-29 06:14:17,640 - src.core.trainer - INFO - Experiment config saved to experiments/ppo_pendulum_first_try_20250829_061416/configs/config.yaml
2025-08-29 06:14:17,640 - __main__ - INFO - Experiment directory: experiments/ppo_pendulum_first_try_20250829_061416
2025-08-29 06:14:17,641 - __main__ - INFO - Configuration hash: f8775fe0
2025-08-29 06:14:17,641 - __main__ - INFO - Starting training loop...
2025-08-29 06:14:17,641 - src.core.trainer - INFO - Starting training...
2025-08-29 06:14:17,641 - src.core.trainer - INFO - Target steps: 100000
2025-08-29 06:14:17,641 - src.core.trainer - INFO - Evaluation frequency: 10000
2025-08-29 06:14:17,641 - src.core.trainer - INFO - Checkpoint frequency: 25000
2025-08-29 06:14:23,590 - src.utils.checkpoint - INFO - Checkpoint saved: experiments/ppo_pendulum_first_try_20250829_061416/checkpoints/auto_step_26624.pt (step 26624)
2025-08-29 06:14:23,591 - src.core.trainer - INFO - Auto-saved checkpoint at step 26624
