2025-08-28 11:24:53,078 - src.core.trainer - INFO - Logging setup complete. Log file: experiments/ppo_cartpole_homework_20250828_112453/logs/training.log
2025-08-28 11:24:53,080 - src.utils.registry - INFO - Registered network: mlp -> MLP
2025-08-28 11:24:53,080 - src.utils.registry - INFO - Registered network: actor_mlp -> ActorMLP
2025-08-28 11:24:53,080 - src.utils.registry - INFO - Registered network: critic_mlp -> CriticMLP
2025-08-28 11:24:53,080 - src.utils.registry - INFO - Registered network: dueling_mlp -> DuelingMLP
2025-08-28 11:24:53,080 - src.utils.registry - INFO - Registered algorithm: ppo -> PPOAlgorithm
2025-08-28 11:24:53,081 - src.utils.registry - INFO - Registered algorithm: random -> RandomAgent
2025-08-28 11:24:53,083 - src.utils.registry - INFO - Registered environment: gym -> GymWrapper
2025-08-28 11:24:53,084 - src.utils.registry - INFO - Registered buffer: trajectory -> TrajectoryBuffer
2025-08-28 11:24:53,084 - src.core.trainer - INFO - Initializing environment...
2025-08-28 11:24:53,132 - src.environments.gym_wrapper - INFO - Created Gym environment: CartPole-v1
2025-08-28 11:24:53,132 - src.core.trainer - INFO - Environment: CartPole-v1
2025-08-28 11:24:53,132 - src.core.trainer - INFO - Observation space: (4,)
2025-08-28 11:24:53,132 - src.core.trainer - INFO - Action space: (np.int64(2),), discrete: True
2025-08-28 11:24:53,132 - src.core.trainer - INFO - Initializing networks...
2025-08-28 11:24:53,163 - src.core.trainer - INFO - Created actor network: actor_mlp
2025-08-28 11:24:53,163 - src.core.trainer - INFO - Created critic network: critic_mlp
2025-08-28 11:24:53,163 - src.core.trainer - INFO - Initializing algorithm...
2025-08-28 11:24:53,741 - src.core.trainer - INFO - Created algorithm: ppo
2025-08-28 11:24:53,741 - src.core.trainer - INFO - Initializing buffer...
2025-08-28 11:24:53,741 - src.core.trainer - INFO - Created buffer: trajectory
2025-08-28 11:24:53,743 - src.environments.gym_wrapper - INFO - Seed will be applied on next reset: 42
2025-08-28 11:24:53,743 - src.core.trainer - INFO - Random seeds set to 42
2025-08-28 11:24:53,744 - src.core.trainer - INFO - All components initialized successfully
2025-08-28 11:24:53,744 - src.utils.checkpoint - INFO - Checkpoint manager initialized at experiments/ppo_cartpole_homework_20250828_112453/checkpoints
2025-08-28 11:24:53,744 - src.utils.checkpoint - INFO - No checkpoint found to load
2025-08-28 11:24:53,744 - src.core.trainer - INFO - No checkpoint found, starting from scratch
2025-08-28 11:24:53,744 - src.core.trainer - INFO - Trainer initialized for experiment: ppo_cartpole_homework
2025-08-28 11:24:53,744 - src.core.trainer - INFO - Experiment directory: experiments/ppo_cartpole_homework_20250828_112453
2025-08-28 11:24:53,746 - src.utils.config - INFO - Configuration saved to experiments/ppo_cartpole_homework_20250828_112453/configs/config.yaml
2025-08-28 11:24:53,754 - src.core.trainer - INFO - Experiment config saved to experiments/ppo_cartpole_homework_20250828_112453/configs/config.yaml
2025-08-28 11:24:53,754 - __main__ - INFO - Experiment directory: experiments/ppo_cartpole_homework_20250828_112453
2025-08-28 11:24:53,754 - __main__ - INFO - Configuration hash: 086d6bca
2025-08-28 11:24:53,754 - __main__ - INFO - Starting training loop...
2025-08-28 11:24:53,754 - src.core.trainer - INFO - Starting training...
2025-08-28 11:24:53,754 - src.core.trainer - INFO - Target steps: 1000
2025-08-28 11:24:53,754 - src.core.trainer - INFO - Evaluation frequency: 5000
2025-08-28 11:24:53,754 - src.core.trainer - INFO - Checkpoint frequency: 10000
2025-08-28 11:24:53,913 - src.core.trainer - INFO - Training completed, running final evaluation...
2025-08-28 11:24:53,913 - src.core.trainer - INFO - Running evaluation at step 1000
2025-08-28 11:24:53,920 - src.core.trainer - INFO - Evaluation complete - Mean return: 9.20
2025-08-28 11:24:53,921 - src.core.trainer - ERROR - Training failed: module 'numpy.random' has no attribute 'getstate'
2025-08-28 11:24:53,921 - src.core.trainer - ERROR - Failed to save emergency checkpoint: module 'numpy.random' has no attribute 'getstate'
2025-08-28 11:24:53,921 - __main__ - ERROR - Training failed: module 'numpy.random' has no attribute 'getstate'
2025-08-28 11:24:53,922 - src.core.trainer - INFO - Trainer cleanup completed
