2025-08-29 06:46:32,462 - src.core.trainer - INFO - Logging setup complete. Log file: experiments/ppo_pendulum_first_try_20250829_064632/logs/training.log
2025-08-29 06:46:32,463 - src.utils.registry - INFO - Registered algorithm: ppo -> PPOAlgorithm
2025-08-29 06:46:32,464 - src.utils.registry - INFO - Registered algorithm: random -> RandomAgent
2025-08-29 06:46:32,465 - src.utils.registry - INFO - Registered network: mlp -> MLP
2025-08-29 06:46:32,465 - src.utils.registry - INFO - Registered network: actor_mlp -> ActorMLP
2025-08-29 06:46:32,465 - src.utils.registry - INFO - Registered network: critic_mlp -> CriticMLP
2025-08-29 06:46:32,465 - src.utils.registry - INFO - Registered network: continuous_actor_mlp -> ContinuousActorMLP
2025-08-29 06:46:32,465 - src.utils.registry - INFO - Registered network: dueling_mlp -> DuelingMLP
2025-08-29 06:46:32,466 - src.utils.registry - INFO - Registered environment: gym -> GymWrapper
2025-08-29 06:46:32,467 - src.utils.registry - INFO - Registered buffer: trajectory -> TrajectoryBuffer
2025-08-29 06:46:32,467 - src.core.trainer - INFO - Initializing environment...
2025-08-29 06:46:32,509 - src.environments.gym_wrapper - INFO - Created Gym environment: Pendulum-v1
2025-08-29 06:46:32,509 - src.core.trainer - INFO - Environment: Pendulum-v1
2025-08-29 06:46:32,509 - src.core.trainer - INFO - Observation space: (3,)
2025-08-29 06:46:32,509 - src.core.trainer - INFO - Action space: (1,), discrete: False
2025-08-29 06:46:32,509 - src.core.trainer - INFO - Initializing networks...
2025-08-29 06:46:32,511 - src.core.trainer - INFO - Created actor network: continuous_actor_mlp
2025-08-29 06:46:32,512 - src.core.trainer - INFO - Created critic network: critic_mlp
2025-08-29 06:46:32,512 - src.core.trainer - INFO - Initializing algorithm...
2025-08-29 06:46:33,025 - src.core.trainer - INFO - Created algorithm: ppo
2025-08-29 06:46:33,026 - src.core.trainer - INFO - Initializing buffer...
2025-08-29 06:46:33,026 - src.core.trainer - INFO - Created buffer: trajectory
2025-08-29 06:46:33,028 - src.environments.gym_wrapper - INFO - Seed will be applied on next reset: 42
2025-08-29 06:46:33,028 - src.core.trainer - INFO - Random seeds set to 42
2025-08-29 06:46:33,028 - src.core.trainer - INFO - All components initialized successfully
2025-08-29 06:46:33,028 - src.utils.checkpoint - INFO - Checkpoint manager initialized at experiments/ppo_pendulum_first_try_20250829_064632/checkpoints
2025-08-29 06:46:33,029 - src.utils.logger - INFO - TensorBoard logging enabled: experiments/ppo_pendulum_first_try_20250829_064632/tensorboard
2025-08-29 06:46:33,029 - src.utils.logger - INFO - Experiment logger initialized: experiments/ppo_pendulum_first_try_20250829_064632
2025-08-29 06:46:33,029 - src.utils.checkpoint - INFO - No checkpoint found to load
2025-08-29 06:46:33,029 - src.core.trainer - INFO - No checkpoint found, starting from scratch
2025-08-29 06:46:33,029 - src.core.trainer - INFO - Trainer initialized for experiment: ppo_pendulum_first_try
2025-08-29 06:46:33,029 - src.core.trainer - INFO - Experiment directory: experiments/ppo_pendulum_first_try_20250829_064632
2025-08-29 06:46:33,031 - src.utils.config - INFO - Configuration saved to experiments/ppo_pendulum_first_try_20250829_064632/configs/config.yaml
2025-08-29 06:46:33,040 - src.core.trainer - INFO - Experiment config saved to experiments/ppo_pendulum_first_try_20250829_064632/configs/config.yaml
2025-08-29 06:46:33,040 - __main__ - INFO - Experiment directory: experiments/ppo_pendulum_first_try_20250829_064632
2025-08-29 06:46:33,040 - __main__ - INFO - Configuration hash: 9cd952f7
2025-08-29 06:46:33,040 - __main__ - INFO - Starting training loop...
2025-08-29 06:46:33,040 - src.core.trainer - INFO - Starting training...
2025-08-29 06:46:33,040 - src.core.trainer - INFO - Target steps: 3000
2025-08-29 06:46:33,040 - src.core.trainer - INFO - Evaluation frequency: 10000
2025-08-29 06:46:33,040 - src.core.trainer - INFO - Checkpoint frequency: 25000
2025-08-29 06:46:33,364 - src.core.trainer - ERROR - Training failed: list index out of range
2025-08-29 06:46:33,365 - src.core.trainer - ERROR - Full traceback:
Traceback (most recent call last):
  File "/Users/martian/Documents/Code/rl-lab/src/core/trainer.py", line 285, in train
    self._training_step()
  File "/Users/martian/Documents/Code/rl-lab/src/core/trainer.py", line 380, in _training_step
    batch = self.buffer.sample()
  File "/Users/martian/Documents/Code/rl-lab/src/buffers/trajectory.py", line 319, in sample
    sampled_values = [values[i] for i in indices]
  File "/Users/martian/Documents/Code/rl-lab/src/buffers/trajectory.py", line 319, in <listcomp>
    sampled_values = [values[i] for i in indices]
IndexError: list index out of range

2025-08-29 06:46:33,367 - src.utils.checkpoint - INFO - Checkpoint saved: experiments/ppo_pendulum_first_try_20250829_064632/checkpoints/error.pt (step 2048)
2025-08-29 06:46:33,368 - src.core.trainer - INFO - Emergency checkpoint saved
2025-08-29 06:46:33,368 - src.utils.logger - INFO - TensorBoard writer closed
2025-08-29 06:46:33,368 - __main__ - ERROR - Training failed: list index out of range
2025-08-29 06:46:33,368 - src.core.trainer - INFO - Trainer cleanup completed
