2025-08-29 06:30:03,257 - src.core.trainer - INFO - Logging setup complete. Log file: experiments/ppo_pendulum_first_try_20250829_063003/logs/training.log
2025-08-29 06:30:03,260 - src.utils.registry - INFO - Registered algorithm: ppo -> PPOAlgorithm
2025-08-29 06:30:03,260 - src.utils.registry - INFO - Registered algorithm: random -> RandomAgent
2025-08-29 06:30:03,262 - src.utils.registry - INFO - Registered network: mlp -> MLP
2025-08-29 06:30:03,262 - src.utils.registry - INFO - Registered network: actor_mlp -> ActorMLP
2025-08-29 06:30:03,262 - src.utils.registry - INFO - Registered network: critic_mlp -> CriticMLP
2025-08-29 06:30:03,262 - src.utils.registry - INFO - Registered network: continuous_actor_mlp -> ContinuousActorMLP
2025-08-29 06:30:03,262 - src.utils.registry - INFO - Registered network: dueling_mlp -> DuelingMLP
2025-08-29 06:30:03,264 - src.utils.registry - INFO - Registered environment: gym -> GymWrapper
2025-08-29 06:30:03,265 - src.utils.registry - INFO - Registered buffer: trajectory -> TrajectoryBuffer
2025-08-29 06:30:03,265 - src.core.trainer - INFO - Initializing environment...
2025-08-29 06:30:03,312 - src.environments.gym_wrapper - INFO - Created Gym environment: Pendulum-v1
2025-08-29 06:30:03,312 - src.core.trainer - INFO - Environment: Pendulum-v1
2025-08-29 06:30:03,312 - src.core.trainer - INFO - Observation space: (3,)
2025-08-29 06:30:03,312 - src.core.trainer - INFO - Action space: (1,), discrete: False
2025-08-29 06:30:03,312 - src.core.trainer - INFO - Initializing networks...
2025-08-29 06:30:03,340 - src.core.trainer - INFO - Created actor network: continuous_actor_mlp
2025-08-29 06:30:03,340 - src.core.trainer - INFO - Created critic network: critic_mlp
2025-08-29 06:30:03,340 - src.core.trainer - INFO - Initializing algorithm...
2025-08-29 06:30:03,897 - src.core.trainer - INFO - Created algorithm: ppo
2025-08-29 06:30:03,897 - src.core.trainer - INFO - Initializing buffer...
2025-08-29 06:30:03,897 - src.core.trainer - INFO - Created buffer: trajectory
2025-08-29 06:30:03,900 - src.environments.gym_wrapper - INFO - Seed will be applied on next reset: 42
2025-08-29 06:30:03,900 - src.core.trainer - INFO - Random seeds set to 42
2025-08-29 06:30:03,900 - src.core.trainer - INFO - All components initialized successfully
2025-08-29 06:30:03,900 - src.utils.checkpoint - INFO - Checkpoint manager initialized at experiments/ppo_pendulum_first_try_20250829_063003/checkpoints
2025-08-29 06:30:03,901 - src.utils.logger - INFO - TensorBoard logging enabled: experiments/ppo_pendulum_first_try_20250829_063003/tensorboard
2025-08-29 06:30:03,901 - src.utils.logger - INFO - Experiment logger initialized: experiments/ppo_pendulum_first_try_20250829_063003
2025-08-29 06:30:03,901 - src.utils.checkpoint - INFO - No checkpoint found to load
2025-08-29 06:30:03,901 - src.core.trainer - INFO - No checkpoint found, starting from scratch
2025-08-29 06:30:03,901 - src.core.trainer - INFO - Trainer initialized for experiment: ppo_pendulum_first_try
2025-08-29 06:30:03,902 - src.core.trainer - INFO - Experiment directory: experiments/ppo_pendulum_first_try_20250829_063003
2025-08-29 06:30:03,903 - src.utils.config - INFO - Configuration saved to experiments/ppo_pendulum_first_try_20250829_063003/configs/config.yaml
2025-08-29 06:30:03,912 - src.core.trainer - INFO - Experiment config saved to experiments/ppo_pendulum_first_try_20250829_063003/configs/config.yaml
2025-08-29 06:30:03,912 - __main__ - INFO - Experiment directory: experiments/ppo_pendulum_first_try_20250829_063003
2025-08-29 06:30:03,912 - __main__ - INFO - Configuration hash: 5b38548c
2025-08-29 06:30:03,913 - __main__ - INFO - Starting training loop...
2025-08-29 06:30:03,913 - src.core.trainer - INFO - Starting training...
2025-08-29 06:30:03,913 - src.core.trainer - INFO - Target steps: 5000
2025-08-29 06:30:03,913 - src.core.trainer - INFO - Evaluation frequency: 10000
2025-08-29 06:30:03,913 - src.core.trainer - INFO - Checkpoint frequency: 25000
2025-08-29 06:30:04,987 - src.core.trainer - INFO - Training completed, running final evaluation...
2025-08-29 06:30:04,988 - src.core.trainer - INFO - Running evaluation at step 5000
2025-08-29 06:30:05,149 - src.core.trainer - INFO - Evaluation complete - Mean return: -1348.83
2025-08-29 06:30:05,154 - src.utils.checkpoint - INFO - Checkpoint saved: experiments/ppo_pendulum_first_try_20250829_063003/checkpoints/final.pt (step 5000)
2025-08-29 06:30:05,154 - src.core.trainer - INFO - Final checkpoint saved: experiments/ppo_pendulum_first_try_20250829_063003/checkpoints/final.pt
2025-08-29 06:30:05,154 - src.core.trainer - INFO - Training completed successfully in 1.2s
2025-08-29 06:30:05,160 - src.utils.logger - INFO - TensorBoard writer closed
2025-08-29 06:30:05,160 - __main__ - INFO - Training completed successfully!
2025-08-29 06:30:05,160 - __main__ - INFO - Final results:
2025-08-29 06:30:05,160 - __main__ - INFO -   final_step: 5000.0000
2025-08-29 06:30:05,160 - __main__ - INFO -   training_time: 1.2417
2025-08-29 06:30:05,160 - __main__ - INFO -   steps_per_second: 4026.7014
2025-08-29 06:30:05,160 - __main__ - INFO -   policy_loss: 0.3334
2025-08-29 06:30:05,160 - __main__ - INFO -   value_loss: 173577.2452
2025-08-29 06:30:05,160 - __main__ - INFO -   entropy_loss: 0.0183
2025-08-29 06:30:05,160 - __main__ - INFO -   total_loss: 86788.9568
2025-08-29 06:30:05,160 - __main__ - INFO -   grad_norm: 134.6792
2025-08-29 06:30:05,160 - __main__ - INFO -   debug/update_mean_avg: -0.1127
2025-08-29 06:30:05,160 - __main__ - INFO -   debug/update_mean_std: 0.8938
2025-08-29 06:30:05,160 - __main__ - INFO -   debug/update_mean_min: -1.0087
2025-08-29 06:30:05,160 - __main__ - INFO -   debug/update_mean_max: 1.0180
2025-08-29 06:30:05,160 - __main__ - INFO -   debug/update_log_std_avg: -1.3312
2025-08-29 06:30:05,160 - __main__ - INFO -   debug/update_std_avg: 0.2747
2025-08-29 06:30:05,160 - __main__ - INFO -   debug/update_std_min: 0.1570
2025-08-29 06:30:05,160 - __main__ - INFO -   debug/update_std_max: 0.4321
2025-08-29 06:30:05,160 - __main__ - INFO -   debug/update_action_clipped_pct: 0.0000
2025-08-29 06:30:05,160 - __main__ - INFO -   debug/update_network_output_shape: 2.0000
2025-08-29 06:30:05,160 - __main__ - INFO -   debug/returns_mean: -421.7332
2025-08-29 06:30:05,160 - __main__ - INFO -   debug/returns_std: 151.2384
2025-08-29 06:30:05,160 - __main__ - INFO -   debug/returns_min: -610.0927
2025-08-29 06:30:05,160 - __main__ - INFO -   debug/returns_max: -17.9415
2025-08-29 06:30:05,160 - __main__ - INFO -   debug/advantages_mean: -0.0494
2025-08-29 06:30:05,160 - __main__ - INFO -   debug/advantages_std: 0.8600
2025-08-29 06:30:05,160 - __main__ - INFO -   debug/advantages_min: -1.3822
2025-08-29 06:30:05,160 - __main__ - INFO -   debug/advantages_max: 3.3130
2025-08-29 06:30:05,160 - __main__ - INFO -   debug/old_values_mean: -0.2764
2025-08-29 06:30:05,161 - __main__ - INFO -   debug/old_values_std: 0.6206
2025-08-29 06:30:05,161 - __main__ - INFO -   debug/value_error_mean: 421.4569
2025-08-29 06:30:05,161 - __main__ - INFO -   eval_step: 5000.0000
2025-08-29 06:30:05,161 - __main__ - INFO -   eval_episode_count: 10.0000
2025-08-29 06:30:05,161 - __main__ - INFO -   eval_return_mean: -1348.8330
2025-08-29 06:30:05,161 - __main__ - INFO -   eval_return_std: 22.6620
2025-08-29 06:30:05,161 - __main__ - INFO -   eval_return_min: -1375.2150
2025-08-29 06:30:05,161 - __main__ - INFO -   eval_return_max: -1315.3798
2025-08-29 06:30:05,161 - __main__ - INFO -   eval_length_mean: 200.0000
2025-08-29 06:30:05,161 - src.core.trainer - INFO - Trainer cleanup completed
