2025-08-29 00:16:07,546 - src.core.trainer - INFO - Logging setup complete. Log file: experiments/ppo_acrobot_first_try_20250829_001607/logs/training.log
2025-08-29 00:16:07,549 - src.utils.registry - INFO - Registered network: mlp -> MLP
2025-08-29 00:16:07,549 - src.utils.registry - INFO - Registered network: actor_mlp -> ActorMLP
2025-08-29 00:16:07,549 - src.utils.registry - INFO - Registered network: critic_mlp -> CriticMLP
2025-08-29 00:16:07,550 - src.utils.registry - INFO - Registered network: dueling_mlp -> DuelingMLP
2025-08-29 00:16:07,550 - src.utils.registry - INFO - Registered algorithm: ppo -> PPOAlgorithm
2025-08-29 00:16:07,550 - src.utils.registry - INFO - Registered algorithm: random -> RandomAgent
2025-08-29 00:16:07,552 - src.utils.registry - INFO - Registered environment: gym -> GymWrapper
2025-08-29 00:16:07,553 - src.utils.registry - INFO - Registered buffer: trajectory -> TrajectoryBuffer
2025-08-29 00:16:07,553 - src.core.trainer - INFO - Initializing environment...
2025-08-29 00:16:07,615 - src.environments.gym_wrapper - INFO - Created Gym environment: Acrobot-v1
2025-08-29 00:16:07,615 - src.core.trainer - INFO - Environment: Acrobot-v1
2025-08-29 00:16:07,615 - src.core.trainer - INFO - Observation space: (6,)
2025-08-29 00:16:07,615 - src.core.trainer - INFO - Action space: (np.int64(3),), discrete: True
2025-08-29 00:16:07,615 - src.core.trainer - INFO - Initializing networks...
2025-08-29 00:16:07,646 - src.core.trainer - INFO - Created actor network: actor_mlp
2025-08-29 00:16:07,647 - src.core.trainer - INFO - Created critic network: critic_mlp
2025-08-29 00:16:07,647 - src.core.trainer - INFO - Initializing algorithm...
2025-08-29 00:16:08,342 - src.core.trainer - INFO - Created algorithm: ppo
2025-08-29 00:16:08,342 - src.core.trainer - INFO - Initializing buffer...
2025-08-29 00:16:08,342 - src.core.trainer - INFO - Created buffer: trajectory
2025-08-29 00:16:08,345 - src.environments.gym_wrapper - INFO - Seed will be applied on next reset: 42
2025-08-29 00:16:08,345 - src.core.trainer - INFO - Random seeds set to 42
2025-08-29 00:16:08,345 - src.core.trainer - INFO - All components initialized successfully
2025-08-29 00:16:08,345 - src.utils.checkpoint - INFO - Checkpoint manager initialized at experiments/ppo_acrobot_first_try_20250829_001607/checkpoints
2025-08-29 00:16:08,346 - src.utils.logger - INFO - TensorBoard logging enabled: experiments/ppo_acrobot_first_try_20250829_001607/tensorboard
2025-08-29 00:16:08,346 - src.utils.logger - INFO - Experiment logger initialized: experiments/ppo_acrobot_first_try_20250829_001607
2025-08-29 00:16:08,347 - src.utils.checkpoint - INFO - No checkpoint found to load
2025-08-29 00:16:08,347 - src.core.trainer - INFO - No checkpoint found, starting from scratch
2025-08-29 00:16:08,347 - src.core.trainer - INFO - Trainer initialized for experiment: ppo_acrobot_first_try
2025-08-29 00:16:08,347 - src.core.trainer - INFO - Experiment directory: experiments/ppo_acrobot_first_try_20250829_001607
2025-08-29 00:16:08,349 - src.utils.config - INFO - Configuration saved to experiments/ppo_acrobot_first_try_20250829_001607/configs/config.yaml
2025-08-29 00:16:08,361 - src.core.trainer - INFO - Experiment config saved to experiments/ppo_acrobot_first_try_20250829_001607/configs/config.yaml
2025-08-29 00:16:08,361 - __main__ - INFO - Experiment directory: experiments/ppo_acrobot_first_try_20250829_001607
2025-08-29 00:16:08,362 - __main__ - INFO - Configuration hash: aad666b2
2025-08-29 00:16:08,362 - __main__ - INFO - Starting training loop...
2025-08-29 00:16:08,362 - src.core.trainer - INFO - Starting training...
2025-08-29 00:16:08,362 - src.core.trainer - INFO - Target steps: 150000
2025-08-29 00:16:08,362 - src.core.trainer - INFO - Evaluation frequency: 10000
2025-08-29 00:16:08,362 - src.core.trainer - INFO - Checkpoint frequency: 25000
2025-08-29 00:16:14,857 - src.utils.checkpoint - INFO - Checkpoint saved: experiments/ppo_acrobot_first_try_20250829_001607/checkpoints/auto_step_28672.pt (step 28672)
2025-08-29 00:16:14,858 - src.core.trainer - INFO - Auto-saved checkpoint at step 28672
2025-08-29 00:16:21,135 - src.utils.checkpoint - INFO - Checkpoint saved: experiments/ppo_acrobot_first_try_20250829_001607/checkpoints/auto_step_57344.pt (step 57344)
2025-08-29 00:16:21,136 - src.core.trainer - INFO - Auto-saved checkpoint at step 57344
2025-08-29 00:16:27,393 - src.utils.checkpoint - INFO - Checkpoint saved: experiments/ppo_acrobot_first_try_20250829_001607/checkpoints/auto_step_86016.pt (step 86016)
2025-08-29 00:16:27,393 - src.core.trainer - INFO - Auto-saved checkpoint at step 86016
2025-08-29 00:16:33,743 - src.utils.checkpoint - INFO - Checkpoint saved: experiments/ppo_acrobot_first_try_20250829_001607/checkpoints/auto_step_114688.pt (step 114688)
2025-08-29 00:16:33,744 - src.core.trainer - INFO - Auto-saved checkpoint at step 114688
2025-08-29 00:16:40,085 - src.utils.checkpoint - INFO - Checkpoint saved: experiments/ppo_acrobot_first_try_20250829_001607/checkpoints/auto_step_143360.pt (step 143360)
2025-08-29 00:16:40,085 - src.core.trainer - INFO - Auto-saved checkpoint at step 143360
2025-08-29 00:16:41,439 - src.core.trainer - INFO - Running evaluation at step 150000
2025-08-29 00:16:41,545 - src.core.trainer - INFO - Evaluation complete - Mean return: -96.70
2025-08-29 00:16:41,545 - src.utils.logger - INFO - Step 150000 | train/policy_loss: 0.0005 | train/value_loss: 345.1979 | train/entropy_loss: -0.8524 | train/total_loss: 172.5568 | train/grad_norm: 7.8019 | train/time_elapsed: 33.1830 | train/steps_per_second: 4520.3908
2025-08-29 00:16:41,546 - src.utils.logger - INFO - Step 150000 | eval/eval_step: 150000.0000 | eval/eval_episode_count: 10.0000 | eval/eval_return_mean: -96.7000 | eval/eval_return_std: 10.1099 | eval/eval_return_min: -122.0000 | eval/eval_return_max: -83.0000 | eval/eval_length_mean: 97.7000
2025-08-29 00:16:41,547 - src.core.trainer - INFO - Training completed, running final evaluation...
2025-08-29 00:16:41,547 - src.core.trainer - INFO - Running evaluation at step 150000
2025-08-29 00:16:41,655 - src.core.trainer - INFO - Evaluation complete - Mean return: -96.70
2025-08-29 00:16:41,658 - src.utils.checkpoint - INFO - Checkpoint saved: experiments/ppo_acrobot_first_try_20250829_001607/checkpoints/final.pt (step 150000)
2025-08-29 00:16:41,659 - src.core.trainer - INFO - Final checkpoint saved: experiments/ppo_acrobot_first_try_20250829_001607/checkpoints/final.pt
2025-08-29 00:16:41,659 - src.core.trainer - INFO - Training completed successfully in 33.3s
2025-08-29 00:16:41,665 - src.utils.logger - INFO - TensorBoard writer closed
2025-08-29 00:16:41,665 - __main__ - INFO - Training completed successfully!
2025-08-29 00:16:41,665 - __main__ - INFO - Final results:
2025-08-29 00:16:41,665 - __main__ - INFO -   final_step: 150000.0000
2025-08-29 00:16:41,665 - __main__ - INFO -   training_time: 33.2972
2025-08-29 00:16:41,665 - __main__ - INFO -   steps_per_second: 4520.3908
2025-08-29 00:16:41,665 - __main__ - INFO -   policy_loss: 0.0005
2025-08-29 00:16:41,665 - __main__ - INFO -   value_loss: 345.1979
2025-08-29 00:16:41,665 - __main__ - INFO -   entropy_loss: -0.8524
2025-08-29 00:16:41,665 - __main__ - INFO -   total_loss: 172.5568
2025-08-29 00:16:41,665 - __main__ - INFO -   grad_norm: 7.8019
2025-08-29 00:16:41,665 - __main__ - INFO -   eval_step: 150000.0000
2025-08-29 00:16:41,665 - __main__ - INFO -   eval_episode_count: 10.0000
2025-08-29 00:16:41,665 - __main__ - INFO -   eval_return_mean: -96.7000
2025-08-29 00:16:41,665 - __main__ - INFO -   eval_return_std: 10.1099
2025-08-29 00:16:41,665 - __main__ - INFO -   eval_return_min: -122.0000
2025-08-29 00:16:41,665 - __main__ - INFO -   eval_return_max: -83.0000
2025-08-29 00:16:41,665 - __main__ - INFO -   eval_length_mean: 97.7000
2025-08-29 00:16:41,665 - __main__ - INFO -   time_elapsed: 33.1830
2025-08-29 00:16:41,665 - src.core.trainer - INFO - Trainer cleanup completed
