2025-08-31 00:49:56,608 - src.core.trainer - INFO - Logging setup complete. Log file: experiments/ppo_cartpole_homework_20250831_004956/logs/training.log
2025-08-31 00:49:56,609 - src.utils.registry - INFO - Registered algorithm: ppo -> PPOAlgorithm
2025-08-31 00:49:56,610 - src.utils.registry - INFO - Registered algorithm: random -> RandomAgent
2025-08-31 00:49:56,611 - src.utils.registry - INFO - Registered network: mlp -> MLP
2025-08-31 00:49:56,611 - src.utils.registry - INFO - Registered network: actor_mlp -> ActorMLP
2025-08-31 00:49:56,611 - src.utils.registry - INFO - Registered network: critic_mlp -> CriticMLP
2025-08-31 00:49:56,611 - src.utils.registry - INFO - Registered network: continuous_actor_mlp -> ContinuousActorMLP
2025-08-31 00:49:56,611 - src.utils.registry - INFO - Registered network: dueling_mlp -> DuelingMLP
2025-08-31 00:49:56,612 - src.utils.registry - INFO - Registered environment: gym -> GymWrapper
2025-08-31 00:49:56,613 - src.utils.registry - INFO - Registered buffer: trajectory -> TrajectoryBuffer
2025-08-31 00:49:56,613 - src.core.trainer - INFO - Initializing environment...
2025-08-31 00:49:56,659 - src.environments.gym_wrapper - INFO - Created Gym environment: CartPole-v1
2025-08-31 00:49:56,659 - src.core.trainer - INFO - Environment: CartPole-v1
2025-08-31 00:49:56,659 - src.core.trainer - INFO - Observation space: (4,)
2025-08-31 00:49:56,659 - src.core.trainer - INFO - Action space: (np.int64(2),), discrete: True
2025-08-31 00:49:56,659 - src.core.trainer - INFO - Initializing networks...
2025-08-31 00:49:56,698 - src.core.trainer - INFO - Created actor network: actor_mlp
2025-08-31 00:49:56,700 - src.core.trainer - INFO - Created critic network: critic_mlp
2025-08-31 00:49:56,700 - src.core.trainer - INFO - Initializing algorithm...
2025-08-31 00:49:57,328 - src.core.trainer - INFO - Created algorithm: ppo
2025-08-31 00:49:57,328 - src.core.trainer - INFO - Initializing buffer...
2025-08-31 00:49:57,328 - src.core.trainer - INFO - Created buffer: trajectory
2025-08-31 00:49:57,329 - src.environments.gym_wrapper - INFO - Seed will be applied on next reset: 42
2025-08-31 00:49:57,329 - src.core.trainer - INFO - Random seeds set to 42
2025-08-31 00:49:57,329 - src.core.trainer - INFO - All components initialized successfully
2025-08-31 00:49:57,330 - src.utils.checkpoint - INFO - Checkpoint manager initialized at experiments/ppo_cartpole_homework_20250831_004956/checkpoints
2025-08-31 00:49:57,331 - src.utils.logger - INFO - TensorBoard logging enabled: experiments/ppo_cartpole_homework_20250831_004956/tensorboard
2025-08-31 00:49:59,182 - src.utils.logger - INFO - W&B logging enabled: https://wandb.ai/adarshgoel-rl-lab/rl-lab-homework/runs/1781igty
2025-08-31 00:49:59,182 - src.utils.logger - INFO - Experiment logger initialized: experiments/ppo_cartpole_homework_20250831_004956
2025-08-31 00:49:59,182 - src.utils.checkpoint - INFO - No checkpoint found to load
2025-08-31 00:49:59,182 - src.core.trainer - INFO - No checkpoint found, starting from scratch
2025-08-31 00:49:59,183 - src.core.trainer - INFO - Trainer initialized for experiment: ppo_cartpole_homework
2025-08-31 00:49:59,183 - src.core.trainer - INFO - Experiment directory: experiments/ppo_cartpole_homework_20250831_004956
2025-08-31 00:49:59,185 - src.utils.config - INFO - Configuration saved to experiments/ppo_cartpole_homework_20250831_004956/configs/config.yaml
2025-08-31 00:49:59,194 - src.core.trainer - INFO - Experiment config saved to experiments/ppo_cartpole_homework_20250831_004956/configs/config.yaml
2025-08-31 00:49:59,194 - __main__ - INFO - Experiment directory: experiments/ppo_cartpole_homework_20250831_004956
2025-08-31 00:49:59,194 - __main__ - INFO - Configuration hash: 820f520e
2025-08-31 00:49:59,194 - __main__ - INFO - Starting training loop...
2025-08-31 00:49:59,194 - src.core.trainer - INFO - Starting training...
2025-08-31 00:49:59,195 - src.core.trainer - INFO - Target steps: 100
2025-08-31 00:49:59,195 - src.core.trainer - INFO - Evaluation frequency: 5000
2025-08-31 00:49:59,195 - src.core.trainer - INFO - Checkpoint frequency: 10000
2025-08-31 00:50:01,788 - src.core.trainer - INFO - Training completed, running final evaluation...
2025-08-31 00:50:01,789 - src.core.trainer - INFO - Running evaluation at step 100
2025-08-31 00:50:01,909 - src.core.trainer - INFO - Evaluation complete - Mean return: 9.60
2025-08-31 00:50:01,919 - src.utils.checkpoint - INFO - Checkpoint saved: experiments/ppo_cartpole_homework_20250831_004956/checkpoints/final.pt (step 100)
2025-08-31 00:50:01,920 - src.core.trainer - INFO - Final checkpoint saved: experiments/ppo_cartpole_homework_20250831_004956/checkpoints/final.pt
2025-08-31 00:50:01,920 - src.core.trainer - INFO - Training completed successfully in 2.7s
2025-08-31 00:50:01,926 - src.utils.logger - INFO - TensorBoard writer closed
2025-08-31 00:50:04,027 - src.utils.logger - INFO - W&B run finished
2025-08-31 00:50:04,030 - __main__ - INFO - Training completed successfully!
2025-08-31 00:50:04,030 - __main__ - INFO - Final results:
2025-08-31 00:50:04,031 - __main__ - INFO -   final_step: 100.0000
2025-08-31 00:50:04,031 - __main__ - INFO -   training_time: 2.7252
2025-08-31 00:50:04,031 - __main__ - INFO -   steps_per_second: 36.6946
2025-08-31 00:50:04,031 - __main__ - INFO -   eval_step: 100.0000
2025-08-31 00:50:04,031 - __main__ - INFO -   eval_episode_count: 10.0000
2025-08-31 00:50:04,031 - __main__ - INFO -   eval_return_mean: 9.6000
2025-08-31 00:50:04,031 - __main__ - INFO -   eval_return_std: 0.4899
2025-08-31 00:50:04,031 - __main__ - INFO -   eval_return_min: 9.0000
2025-08-31 00:50:04,032 - __main__ - INFO -   eval_return_max: 10.0000
2025-08-31 00:50:04,036 - __main__ - INFO -   eval_length_mean: 9.6000
2025-08-31 00:50:04,036 - src.core.trainer - INFO - Trainer cleanup completed
