2025-08-31 00:50:13,627 - src.core.trainer - INFO - Logging setup complete. Log file: experiments/ppo_cartpole_homework_20250831_005013/logs/training.log
2025-08-31 00:50:13,629 - src.utils.registry - INFO - Registered algorithm: ppo -> PPOAlgorithm
2025-08-31 00:50:13,629 - src.utils.registry - INFO - Registered algorithm: random -> RandomAgent
2025-08-31 00:50:13,630 - src.utils.registry - INFO - Registered network: mlp -> MLP
2025-08-31 00:50:13,630 - src.utils.registry - INFO - Registered network: actor_mlp -> ActorMLP
2025-08-31 00:50:13,630 - src.utils.registry - INFO - Registered network: critic_mlp -> CriticMLP
2025-08-31 00:50:13,630 - src.utils.registry - INFO - Registered network: continuous_actor_mlp -> ContinuousActorMLP
2025-08-31 00:50:13,630 - src.utils.registry - INFO - Registered network: dueling_mlp -> DuelingMLP
2025-08-31 00:50:13,631 - src.utils.registry - INFO - Registered environment: gym -> GymWrapper
2025-08-31 00:50:13,632 - src.utils.registry - INFO - Registered buffer: trajectory -> TrajectoryBuffer
2025-08-31 00:50:13,632 - src.core.trainer - INFO - Initializing environment...
2025-08-31 00:50:13,670 - src.environments.gym_wrapper - INFO - Created Gym environment: CartPole-v1
2025-08-31 00:50:13,670 - src.core.trainer - INFO - Environment: CartPole-v1
2025-08-31 00:50:13,670 - src.core.trainer - INFO - Observation space: (4,)
2025-08-31 00:50:13,670 - src.core.trainer - INFO - Action space: (np.int64(2),), discrete: True
2025-08-31 00:50:13,670 - src.core.trainer - INFO - Initializing networks...
2025-08-31 00:50:13,678 - src.utils.config - INFO - Auto-detected device: MPS (Apple Silicon GPU)
2025-08-31 00:50:13,699 - src.core.trainer - INFO - Created actor network: actor_mlp
2025-08-31 00:50:13,699 - src.utils.config - INFO - Auto-detected device: MPS (Apple Silicon GPU)
2025-08-31 00:50:13,701 - src.core.trainer - INFO - Created critic network: critic_mlp
2025-08-31 00:50:13,701 - src.core.trainer - INFO - Initializing algorithm...
2025-08-31 00:50:13,701 - src.utils.config - INFO - Auto-detected device: MPS (Apple Silicon GPU)
2025-08-31 00:50:14,277 - src.core.trainer - INFO - Created algorithm: ppo
2025-08-31 00:50:14,277 - src.core.trainer - INFO - Initializing buffer...
2025-08-31 00:50:14,277 - src.utils.config - INFO - Auto-detected device: MPS (Apple Silicon GPU)
2025-08-31 00:50:14,277 - src.core.trainer - INFO - Created buffer: trajectory
2025-08-31 00:50:14,280 - src.environments.gym_wrapper - INFO - Seed will be applied on next reset: 42
2025-08-31 00:50:14,280 - src.core.trainer - INFO - Random seeds set to 42
2025-08-31 00:50:14,280 - src.core.trainer - INFO - All components initialized successfully
2025-08-31 00:50:14,280 - src.utils.checkpoint - INFO - Checkpoint manager initialized at experiments/ppo_cartpole_homework_20250831_005013/checkpoints
2025-08-31 00:50:14,281 - src.utils.logger - INFO - TensorBoard logging enabled: experiments/ppo_cartpole_homework_20250831_005013/tensorboard
2025-08-31 00:50:16,082 - src.utils.logger - INFO - W&B logging enabled: https://wandb.ai/adarshgoel-rl-lab/rl-lab-homework/runs/yhah3bmg
2025-08-31 00:50:16,082 - src.utils.logger - INFO - Experiment logger initialized: experiments/ppo_cartpole_homework_20250831_005013
2025-08-31 00:50:16,082 - src.utils.checkpoint - INFO - No checkpoint found to load
2025-08-31 00:50:16,083 - src.core.trainer - INFO - No checkpoint found, starting from scratch
2025-08-31 00:50:16,083 - src.core.trainer - INFO - Trainer initialized for experiment: ppo_cartpole_homework
2025-08-31 00:50:16,083 - src.core.trainer - INFO - Experiment directory: experiments/ppo_cartpole_homework_20250831_005013
2025-08-31 00:50:16,085 - src.utils.config - INFO - Configuration saved to experiments/ppo_cartpole_homework_20250831_005013/configs/config.yaml
2025-08-31 00:50:16,095 - src.core.trainer - INFO - Experiment config saved to experiments/ppo_cartpole_homework_20250831_005013/configs/config.yaml
2025-08-31 00:50:16,095 - __main__ - INFO - Experiment directory: experiments/ppo_cartpole_homework_20250831_005013
2025-08-31 00:50:16,095 - __main__ - INFO - Configuration hash: abbc52dd
2025-08-31 00:50:16,095 - __main__ - INFO - Starting training loop...
2025-08-31 00:50:16,095 - src.core.trainer - INFO - Starting training...
2025-08-31 00:50:16,095 - src.core.trainer - INFO - Target steps: 100
2025-08-31 00:50:16,095 - src.core.trainer - INFO - Evaluation frequency: 5000
2025-08-31 00:50:16,095 - src.core.trainer - INFO - Checkpoint frequency: 10000
2025-08-31 00:50:16,602 - src.core.trainer - INFO - Training completed, running final evaluation...
2025-08-31 00:50:16,602 - src.core.trainer - INFO - Running evaluation at step 100
2025-08-31 00:50:16,713 - src.core.trainer - INFO - Evaluation complete - Mean return: 8.80
2025-08-31 00:50:16,721 - src.utils.checkpoint - INFO - Checkpoint saved: experiments/ppo_cartpole_homework_20250831_005013/checkpoints/final.pt (step 100)
2025-08-31 00:50:16,722 - src.core.trainer - INFO - Final checkpoint saved: experiments/ppo_cartpole_homework_20250831_005013/checkpoints/final.pt
2025-08-31 00:50:16,722 - src.core.trainer - INFO - Training completed successfully in 0.6s
2025-08-31 00:50:16,727 - src.utils.logger - INFO - TensorBoard writer closed
2025-08-31 00:50:18,789 - src.utils.logger - INFO - W&B run finished
2025-08-31 00:50:18,789 - __main__ - INFO - Training completed successfully!
2025-08-31 00:50:18,791 - __main__ - INFO - Final results:
2025-08-31 00:50:18,791 - __main__ - INFO -   final_step: 100.0000
2025-08-31 00:50:18,791 - __main__ - INFO -   training_time: 0.6263
2025-08-31 00:50:18,791 - __main__ - INFO -   steps_per_second: 159.6789
2025-08-31 00:50:18,791 - __main__ - INFO -   eval_step: 100.0000
2025-08-31 00:50:18,791 - __main__ - INFO -   eval_episode_count: 10.0000
2025-08-31 00:50:18,791 - __main__ - INFO -   eval_return_mean: 8.8000
2025-08-31 00:50:18,791 - __main__ - INFO -   eval_return_std: 0.4000
2025-08-31 00:50:18,791 - __main__ - INFO -   eval_return_min: 8.0000
2025-08-31 00:50:18,791 - __main__ - INFO -   eval_return_max: 9.0000
2025-08-31 00:50:18,791 - __main__ - INFO -   eval_length_mean: 8.8000
2025-08-31 00:50:18,791 - src.core.trainer - INFO - Trainer cleanup completed
