2025-08-29 06:42:19,276 - src.core.trainer - INFO - Logging setup complete. Log file: experiments/ppo_pendulum_first_try_20250829_064219/logs/training.log
2025-08-29 06:42:19,278 - src.utils.registry - INFO - Registered algorithm: ppo -> PPOAlgorithm
2025-08-29 06:42:19,278 - src.utils.registry - INFO - Registered algorithm: random -> RandomAgent
2025-08-29 06:42:19,279 - src.utils.registry - INFO - Registered network: mlp -> MLP
2025-08-29 06:42:19,279 - src.utils.registry - INFO - Registered network: actor_mlp -> ActorMLP
2025-08-29 06:42:19,279 - src.utils.registry - INFO - Registered network: critic_mlp -> CriticMLP
2025-08-29 06:42:19,279 - src.utils.registry - INFO - Registered network: continuous_actor_mlp -> ContinuousActorMLP
2025-08-29 06:42:19,279 - src.utils.registry - INFO - Registered network: dueling_mlp -> DuelingMLP
2025-08-29 06:42:19,281 - src.utils.registry - INFO - Registered environment: gym -> GymWrapper
2025-08-29 06:42:19,283 - src.utils.registry - INFO - Registered buffer: trajectory -> TrajectoryBuffer
2025-08-29 06:42:19,283 - src.core.trainer - INFO - Initializing environment...
2025-08-29 06:42:19,329 - src.environments.gym_wrapper - INFO - Created Gym environment: Pendulum-v1
2025-08-29 06:42:19,329 - src.core.trainer - INFO - Environment: Pendulum-v1
2025-08-29 06:42:19,329 - src.core.trainer - INFO - Observation space: (3,)
2025-08-29 06:42:19,329 - src.core.trainer - INFO - Action space: (1,), discrete: False
2025-08-29 06:42:19,329 - src.core.trainer - INFO - Initializing networks...
2025-08-29 06:42:19,355 - src.core.trainer - INFO - Created actor network: continuous_actor_mlp
2025-08-29 06:42:19,356 - src.core.trainer - INFO - Created critic network: critic_mlp
2025-08-29 06:42:19,356 - src.core.trainer - INFO - Initializing algorithm...
2025-08-29 06:42:19,904 - src.core.trainer - INFO - Created algorithm: ppo
2025-08-29 06:42:19,904 - src.core.trainer - INFO - Initializing buffer...
2025-08-29 06:42:19,904 - src.core.trainer - INFO - Created buffer: trajectory
2025-08-29 06:42:19,906 - src.environments.gym_wrapper - INFO - Seed will be applied on next reset: 42
2025-08-29 06:42:19,906 - src.core.trainer - INFO - Random seeds set to 42
2025-08-29 06:42:19,906 - src.core.trainer - INFO - All components initialized successfully
2025-08-29 06:42:19,906 - src.utils.checkpoint - INFO - Checkpoint manager initialized at experiments/ppo_pendulum_first_try_20250829_064219/checkpoints
2025-08-29 06:42:19,907 - src.utils.logger - INFO - TensorBoard logging enabled: experiments/ppo_pendulum_first_try_20250829_064219/tensorboard
2025-08-29 06:42:19,907 - src.utils.logger - INFO - Experiment logger initialized: experiments/ppo_pendulum_first_try_20250829_064219
2025-08-29 06:42:19,908 - src.utils.checkpoint - INFO - No checkpoint found to load
2025-08-29 06:42:19,908 - src.core.trainer - INFO - No checkpoint found, starting from scratch
2025-08-29 06:42:19,908 - src.core.trainer - INFO - Trainer initialized for experiment: ppo_pendulum_first_try
2025-08-29 06:42:19,908 - src.core.trainer - INFO - Experiment directory: experiments/ppo_pendulum_first_try_20250829_064219
2025-08-29 06:42:19,909 - src.utils.config - INFO - Configuration saved to experiments/ppo_pendulum_first_try_20250829_064219/configs/config.yaml
2025-08-29 06:42:19,918 - src.core.trainer - INFO - Experiment config saved to experiments/ppo_pendulum_first_try_20250829_064219/configs/config.yaml
2025-08-29 06:42:19,919 - __main__ - INFO - Experiment directory: experiments/ppo_pendulum_first_try_20250829_064219
2025-08-29 06:42:19,919 - __main__ - INFO - Configuration hash: 5167c013
2025-08-29 06:42:19,919 - __main__ - INFO - Starting training loop...
2025-08-29 06:42:19,919 - src.core.trainer - INFO - Starting training...
2025-08-29 06:42:19,919 - src.core.trainer - INFO - Target steps: 500
2025-08-29 06:42:19,919 - src.core.trainer - INFO - Evaluation frequency: 10000
2025-08-29 06:42:19,919 - src.core.trainer - INFO - Checkpoint frequency: 25000
2025-08-29 06:42:20,018 - src.core.trainer - INFO - Training completed, running final evaluation...
2025-08-29 06:42:20,018 - src.core.trainer - INFO - Running evaluation at step 500
2025-08-29 06:42:20,180 - src.core.trainer - INFO - Evaluation complete - Mean return: -1250.54
2025-08-29 06:42:20,183 - src.utils.checkpoint - INFO - Checkpoint saved: experiments/ppo_pendulum_first_try_20250829_064219/checkpoints/final.pt (step 500)
2025-08-29 06:42:20,184 - src.core.trainer - INFO - Final checkpoint saved: experiments/ppo_pendulum_first_try_20250829_064219/checkpoints/final.pt
2025-08-29 06:42:20,184 - src.core.trainer - INFO - Training completed successfully in 0.3s
2025-08-29 06:42:20,188 - src.utils.logger - INFO - TensorBoard writer closed
2025-08-29 06:42:20,188 - __main__ - INFO - Training completed successfully!
2025-08-29 06:42:20,188 - __main__ - INFO - Final results:
2025-08-29 06:42:20,188 - __main__ - INFO -   final_step: 500.0000
2025-08-29 06:42:20,188 - __main__ - INFO -   training_time: 0.2648
2025-08-29 06:42:20,188 - __main__ - INFO -   steps_per_second: 1888.2255
2025-08-29 06:42:20,188 - __main__ - INFO -   eval_step: 500.0000
2025-08-29 06:42:20,188 - __main__ - INFO -   eval_episode_count: 10.0000
2025-08-29 06:42:20,188 - __main__ - INFO -   eval_return_mean: -1250.5379
2025-08-29 06:42:20,188 - __main__ - INFO -   eval_return_std: 265.7738
2025-08-29 06:42:20,188 - __main__ - INFO -   eval_return_min: -1718.4095
2025-08-29 06:42:20,188 - __main__ - INFO -   eval_return_max: -862.0522
2025-08-29 06:42:20,188 - __main__ - INFO -   eval_length_mean: 200.0000
2025-08-29 06:42:20,188 - src.core.trainer - INFO - Trainer cleanup completed
